[train: 1, 50 / 2000] FPS: 0.9 (1.0)  ,  Loss/total: 5.48131  ,  IoU: 0.69853
[train: 1, 100 / 2000] FPS: 1.1 (2.2)  ,  Loss/total: 5.42022  ,  IoU: 0.70220
[train: 1, 150 / 2000] FPS: 1.2 (0.4)  ,  Loss/total: 5.42312  ,  IoU: 0.70587
[train: 1, 200 / 2000] FPS: 1.4 (0.6)  ,  Loss/total: 5.45225  ,  IoU: 0.70995
[train: 1, 50 / 2000] FPS: 1.9 (13.7)  ,  Loss/total: 5.58323  ,  IoU: 0.67739
[train: 1, 100 / 2000] FPS: 2.4 (12.9)  ,  Loss/total: 5.54347  ,  IoU: 0.68226
[train: 1, 150 / 2000] FPS: 2.8 (13.6)  ,  Loss/total: 5.46784  ,  IoU: 0.69930
[train: 1, 200 / 2000] FPS: 3.1 (12.9)  ,  Loss/total: 5.47555  ,  IoU: 0.70731
[train: 1, 250 / 2000] FPS: 3.3 (13.5)  ,  Loss/total: 5.43034  ,  IoU: 0.71277
[train: 1, 300 / 2000] FPS: 3.3 (13.1)  ,  Loss/total: 5.41895  ,  IoU: 0.71332
[train: 1, 350 / 2000] FPS: 3.1 (12.0)  ,  Loss/total: 5.44183  ,  IoU: 0.70858
[train: 1, 400 / 2000] FPS: 3.1 (1.4)  ,  Loss/total: 5.43012  ,  IoU: 0.71357
[train: 1, 450 / 2000] FPS: 3.2 (11.7)  ,  Loss/total: 5.42705  ,  IoU: 0.71729
[train: 1, 500 / 2000] FPS: 3.3 (12.9)  ,  Loss/total: 5.44513  ,  IoU: 0.71465
[train: 1, 550 / 2000] FPS: 3.4 (13.1)  ,  Loss/total: 5.44478  ,  IoU: 0.71180
[train: 1, 600 / 2000] FPS: 3.4 (0.7)  ,  Loss/total: 5.45832  ,  IoU: 0.70928
[train: 1, 650 / 2000] FPS: 3.4 (12.5)  ,  Loss/total: 5.45859  ,  IoU: 0.70872
[train: 1, 700 / 2000] FPS: 3.5 (11.1)  ,  Loss/total: 5.46807  ,  IoU: 0.70745
[train: 1, 750 / 2000] FPS: 3.5 (13.3)  ,  Loss/total: 5.45592  ,  IoU: 0.71025
[train: 1, 800 / 2000] FPS: 3.6 (12.6)  ,  Loss/total: 5.45156  ,  IoU: 0.70862
[train: 1, 850 / 2000] FPS: 3.7 (12.0)  ,  Loss/total: 5.46118  ,  IoU: 0.70681
[train: 1, 900 / 2000] FPS: 3.6 (9.5)  ,  Loss/total: 5.45983  ,  IoU: 0.70759
[train: 1, 950 / 2000] FPS: 3.7 (9.4)  ,  Loss/total: 5.45623  ,  IoU: 0.70811
[train: 1, 1000 / 2000] FPS: 3.8 (1.7)  ,  Loss/total: 5.44887  ,  IoU: 0.71026
[train: 1, 1050 / 2000] FPS: 3.8 (6.2)  ,  Loss/total: 5.44994  ,  IoU: 0.70945
[train: 1, 1100 / 2000] FPS: 3.9 (12.1)  ,  Loss/total: 5.43938  ,  IoU: 0.71053
[train: 1, 1150 / 2000] FPS: 4.0 (12.6)  ,  Loss/total: 5.43565  ,  IoU: 0.71122
[train: 1, 1200 / 2000] FPS: 4.0 (4.6)  ,  Loss/total: 5.43564  ,  IoU: 0.71107
[train: 1, 1250 / 2000] FPS: 4.1 (10.7)  ,  Loss/total: 5.44259  ,  IoU: 0.71020
[train: 1, 1300 / 2000] FPS: 4.2 (5.8)  ,  Loss/total: 5.44475  ,  IoU: 0.70866
[train: 1, 1350 / 2000] FPS: 4.2 (6.6)  ,  Loss/total: 5.44639  ,  IoU: 0.70784
[train: 1, 1400 / 2000] FPS: 4.3 (7.1)  ,  Loss/total: 5.44670  ,  IoU: 0.70748
[train: 1, 1450 / 2000] FPS: 4.3 (9.5)  ,  Loss/total: 5.44029  ,  IoU: 0.70792
[train: 1, 1500 / 2000] FPS: 4.4 (8.8)  ,  Loss/total: 5.43870  ,  IoU: 0.70779
[train: 1, 1550 / 2000] FPS: 4.4 (6.1)  ,  Loss/total: 5.44192  ,  IoU: 0.70691
[train: 1, 1600 / 2000] FPS: 4.5 (9.8)  ,  Loss/total: 5.44437  ,  IoU: 0.70639
[train: 1, 1650 / 2000] FPS: 4.5 (10.7)  ,  Loss/total: 5.44821  ,  IoU: 0.70565
[train: 1, 1700 / 2000] FPS: 4.6 (8.0)  ,  Loss/total: 5.44502  ,  IoU: 0.70485
[train: 1, 1750 / 2000] FPS: 4.6 (8.1)  ,  Loss/total: 5.44525  ,  IoU: 0.70478
[train: 1, 1800 / 2000] FPS: 4.7 (8.3)  ,  Loss/total: 5.44879  ,  IoU: 0.70403
[train: 1, 1850 / 2000] FPS: 4.7 (7.3)  ,  Loss/total: 5.44992  ,  IoU: 0.70406
[train: 1, 1900 / 2000] FPS: 4.8 (6.8)  ,  Loss/total: 5.45306  ,  IoU: 0.70292
[train: 1, 1950 / 2000] FPS: 4.7 (5.3)  ,  Loss/total: 5.45358  ,  IoU: 0.70297
[train: 1, 2000 / 2000] FPS: 4.8 (13.0)  ,  Loss/total: 5.45426  ,  IoU: 0.70295
[train: 2, 50 / 2000] FPS: 5.4 (8.3)  ,  Loss/total: 5.60584  ,  IoU: 0.65434
[train: 2, 100 / 2000] FPS: 6.1 (7.5)  ,  Loss/total: 5.53458  ,  IoU: 0.68657
[train: 2, 150 / 2000] FPS: 6.4 (7.1)  ,  Loss/total: 5.55153  ,  IoU: 0.68259
[train: 2, 200 / 2000] FPS: 6.5 (5.3)  ,  Loss/total: 5.53240  ,  IoU: 0.68487
[train: 2, 250 / 2000] FPS: 5.5 (6.8)  ,  Loss/total: 5.56191  ,  IoU: 0.67780
[train: 2, 300 / 2000] FPS: 5.7 (7.6)  ,  Loss/total: 5.54258  ,  IoU: 0.68030
[train: 2, 350 / 2000] FPS: 5.5 (6.3)  ,  Loss/total: 5.51208  ,  IoU: 0.68365
[train: 2, 400 / 2000] FPS: 5.7 (7.1)  ,  Loss/total: 5.51107  ,  IoU: 0.68105
[train: 2, 450 / 2000] FPS: 5.8 (6.3)  ,  Loss/total: 5.50736  ,  IoU: 0.68215
[train: 2, 500 / 2000] FPS: 5.9 (7.8)  ,  Loss/total: 5.50210  ,  IoU: 0.68292
[train: 2, 550 / 2000] FPS: 6.0 (8.6)  ,  Loss/total: 5.50397  ,  IoU: 0.68155
[train: 2, 600 / 2000] FPS: 5.9 (6.9)  ,  Loss/total: 5.50479  ,  IoU: 0.68352
[train: 2, 650 / 2000] FPS: 6.0 (9.2)  ,  Loss/total: 5.50074  ,  IoU: 0.68259
[train: 2, 700 / 2000] FPS: 6.1 (8.5)  ,  Loss/total: 5.48834  ,  IoU: 0.68518
[train: 2, 750 / 2000] FPS: 6.1 (7.7)  ,  Loss/total: 5.48716  ,  IoU: 0.68582
[train: 2, 800 / 2000] FPS: 6.2 (8.8)  ,  Loss/total: 5.47662  ,  IoU: 0.68604
[train: 2, 850 / 2000] FPS: 6.2 (8.0)  ,  Loss/total: 5.48343  ,  IoU: 0.68518
[train: 2, 900 / 2000] FPS: 6.1 (7.3)  ,  Loss/total: 5.47054  ,  IoU: 0.68687
[train: 2, 950 / 2000] FPS: 6.2 (7.4)  ,  Loss/total: 5.47039  ,  IoU: 0.68825
[train: 2, 1000 / 2000] FPS: 6.2 (7.2)  ,  Loss/total: 5.47030  ,  IoU: 0.68938
[train: 2, 1050 / 2000] FPS: 6.3 (11.0)  ,  Loss/total: 5.46741  ,  IoU: 0.68948
[train: 2, 1100 / 2000] FPS: 6.2 (4.0)  ,  Loss/total: 5.47224  ,  IoU: 0.68831
[train: 2, 1150 / 2000] FPS: 6.2 (9.5)  ,  Loss/total: 5.47702  ,  IoU: 0.68744
[train: 2, 1200 / 2000] FPS: 6.3 (7.2)  ,  Loss/total: 5.47428  ,  IoU: 0.68882
[train: 2, 1250 / 2000] FPS: 6.3 (7.9)  ,  Loss/total: 5.47594  ,  IoU: 0.68997
[train: 2, 1300 / 2000] FPS: 6.3 (8.2)  ,  Loss/total: 5.47467  ,  IoU: 0.69166
[train: 2, 1350 / 2000] FPS: 6.3 (6.9)  ,  Loss/total: 5.47209  ,  IoU: 0.69265
[train: 2, 1400 / 2000] FPS: 6.4 (6.4)  ,  Loss/total: 5.47258  ,  IoU: 0.69391
[train: 2, 1450 / 2000] FPS: 6.4 (6.4)  ,  Loss/total: 5.46763  ,  IoU: 0.69391
[train: 2, 1500 / 2000] FPS: 6.4 (8.2)  ,  Loss/total: 5.46702  ,  IoU: 0.69491
[train: 2, 1550 / 2000] FPS: 6.4 (8.6)  ,  Loss/total: 5.46245  ,  IoU: 0.69517
[train: 2, 1600 / 2000] FPS: 6.4 (8.2)  ,  Loss/total: 5.45975  ,  IoU: 0.69567
[train: 2, 1650 / 2000] FPS: 6.4 (7.8)  ,  Loss/total: 5.45867  ,  IoU: 0.69559
[train: 2, 1700 / 2000] FPS: 6.5 (7.4)  ,  Loss/total: 5.46109  ,  IoU: 0.69631
[train: 2, 1750 / 2000] FPS: 6.5 (8.4)  ,  Loss/total: 5.46657  ,  IoU: 0.69634
[train: 2, 1800 / 2000] FPS: 6.5 (8.9)  ,  Loss/total: 5.46417  ,  IoU: 0.69701
[train: 2, 1850 / 2000] FPS: 6.5 (7.7)  ,  Loss/total: 5.46245  ,  IoU: 0.69775
[train: 2, 1900 / 2000] FPS: 6.5 (9.2)  ,  Loss/total: 5.45909  ,  IoU: 0.69811
[train: 2, 1950 / 2000] FPS: 6.5 (8.1)  ,  Loss/total: 5.45545  ,  IoU: 0.69874
[train: 2, 2000 / 2000] FPS: 6.6 (12.9)  ,  Loss/total: 5.45366  ,  IoU: 0.69903
[train: 3, 50 / 2000] FPS: 5.4 (7.8)  ,  Loss/total: 5.42351  ,  IoU: 0.66135
[train: 3, 100 / 2000] FPS: 6.1 (8.6)  ,  Loss/total: 5.29317  ,  IoU: 0.69606
[train: 3, 150 / 2000] FPS: 6.4 (9.2)  ,  Loss/total: 5.29177  ,  IoU: 0.70281
[train: 3, 200 / 2000] FPS: 6.6 (5.9)  ,  Loss/total: 5.32553  ,  IoU: 0.70355
[train: 3, 250 / 2000] FPS: 6.7 (6.9)  ,  Loss/total: 5.32958  ,  IoU: 0.70604
[train: 3, 300 / 2000] FPS: 6.7 (6.4)  ,  Loss/total: 5.32565  ,  IoU: 0.71020
[train: 3, 350 / 2000] FPS: 6.5 (7.2)  ,  Loss/total: 5.32604  ,  IoU: 0.71448
[train: 3, 400 / 2000] FPS: 6.6 (8.3)  ,  Loss/total: 5.34639  ,  IoU: 0.71260
[train: 3, 450 / 2000] FPS: 6.6 (7.9)  ,  Loss/total: 5.36735  ,  IoU: 0.71052
[train: 3, 500 / 2000] FPS: 6.7 (8.4)  ,  Loss/total: 5.36118  ,  IoU: 0.71467
[train: 3, 550 / 2000] FPS: 6.7 (8.1)  ,  Loss/total: 5.36104  ,  IoU: 0.71495
[train: 3, 600 / 2000] FPS: 6.7 (6.9)  ,  Loss/total: 5.34939  ,  IoU: 0.71426
[train: 3, 650 / 2000] FPS: 6.8 (6.2)  ,  Loss/total: 5.34483  ,  IoU: 0.71660
[train: 3, 700 / 2000] FPS: 6.8 (9.4)  ,  Loss/total: 5.33663  ,  IoU: 0.71920
[train: 3, 750 / 2000] FPS: 6.8 (5.4)  ,  Loss/total: 5.32992  ,  IoU: 0.72106
[train: 3, 800 / 2000] FPS: 6.8 (5.9)  ,  Loss/total: 5.32981  ,  IoU: 0.72112
[train: 3, 850 / 2000] FPS: 6.8 (6.6)  ,  Loss/total: 5.31976  ,  IoU: 0.72171
[train: 3, 900 / 2000] FPS: 6.8 (8.1)  ,  Loss/total: 5.31535  ,  IoU: 0.72320
[train: 3, 950 / 2000] FPS: 6.8 (7.5)  ,  Loss/total: 5.30751  ,  IoU: 0.72302
[train: 3, 1000 / 2000] FPS: 6.8 (5.5)  ,  Loss/total: 5.30871  ,  IoU: 0.72312
[train: 3, 1050 / 2000] FPS: 6.8 (7.5)  ,  Loss/total: 5.30243  ,  IoU: 0.72401
[train: 3, 1100 / 2000] FPS: 6.9 (6.4)  ,  Loss/total: 5.30325  ,  IoU: 0.72460
[train: 3, 1150 / 2000] FPS: 6.9 (6.5)  ,  Loss/total: 5.29911  ,  IoU: 0.72473
[train: 3, 1200 / 2000] FPS: 6.9 (6.8)  ,  Loss/total: 5.29696  ,  IoU: 0.72485
[train: 3, 1250 / 2000] FPS: 6.9 (10.3)  ,  Loss/total: 5.29319  ,  IoU: 0.72542
[train: 3, 1300 / 2000] FPS: 6.8 (4.0)  ,  Loss/total: 5.29180  ,  IoU: 0.72645
[train: 3, 1350 / 2000] FPS: 6.8 (8.1)  ,  Loss/total: 5.29133  ,  IoU: 0.72555
[train: 3, 1400 / 2000] FPS: 6.8 (8.9)  ,  Loss/total: 5.29017  ,  IoU: 0.72559
[train: 3, 1450 / 2000] FPS: 6.8 (6.3)  ,  Loss/total: 5.29527  ,  IoU: 0.72428
[train: 3, 1500 / 2000] FPS: 6.8 (7.9)  ,  Loss/total: 5.29094  ,  IoU: 0.72446
[train: 3, 1550 / 2000] FPS: 6.7 (5.8)  ,  Loss/total: 5.29141  ,  IoU: 0.72459
[train: 3, 1600 / 2000] FPS: 6.8 (5.2)  ,  Loss/total: 5.29000  ,  IoU: 0.72489
[train: 3, 1650 / 2000] FPS: 6.8 (8.9)  ,  Loss/total: 5.28376  ,  IoU: 0.72656
[train: 3, 1700 / 2000] FPS: 6.8 (8.6)  ,  Loss/total: 5.28369  ,  IoU: 0.72692
[train: 3, 1750 / 2000] FPS: 6.8 (7.8)  ,  Loss/total: 5.28596  ,  IoU: 0.72733
[train: 3, 1800 / 2000] FPS: 6.8 (7.5)  ,  Loss/total: 5.28527  ,  IoU: 0.72713
[train: 3, 1850 / 2000] FPS: 6.8 (6.4)  ,  Loss/total: 5.28449  ,  IoU: 0.72673
[train: 3, 1900 / 2000] FPS: 6.8 (10.0)  ,  Loss/total: 5.28215  ,  IoU: 0.72693
[train: 3, 1950 / 2000] FPS: 6.8 (6.0)  ,  Loss/total: 5.28169  ,  IoU: 0.72683
[train: 3, 2000 / 2000] FPS: 6.8 (12.5)  ,  Loss/total: 5.28732  ,  IoU: 0.72571
[train: 4, 50 / 2000] FPS: 5.4 (6.6)  ,  Loss/total: 5.22155  ,  IoU: 0.74504
[train: 4, 100 / 2000] FPS: 6.1 (5.8)  ,  Loss/total: 5.30880  ,  IoU: 0.71313
[train: 4, 150 / 2000] FPS: 6.4 (7.8)  ,  Loss/total: 5.26455  ,  IoU: 0.71795
[train: 4, 200 / 2000] FPS: 6.5 (6.2)  ,  Loss/total: 5.30491  ,  IoU: 0.71164
[train: 4, 250 / 2000] FPS: 6.6 (5.7)  ,  Loss/total: 5.28396  ,  IoU: 0.71691
[train: 4, 300 / 2000] FPS: 6.7 (9.0)  ,  Loss/total: 5.27486  ,  IoU: 0.72198
[train: 4, 350 / 2000] FPS: 6.8 (5.6)  ,  Loss/total: 5.25702  ,  IoU: 0.72618
[train: 4, 400 / 2000] FPS: 6.8 (6.8)  ,  Loss/total: 5.25808  ,  IoU: 0.72515
[train: 4, 450 / 2000] FPS: 6.8 (6.6)  ,  Loss/total: 5.27272  ,  IoU: 0.72442
[train: 4, 500 / 2000] FPS: 6.8 (7.4)  ,  Loss/total: 5.26810  ,  IoU: 0.72419
[train: 4, 550 / 2000] FPS: 6.9 (8.0)  ,  Loss/total: 5.24707  ,  IoU: 0.72960
[train: 4, 600 / 2000] FPS: 6.9 (7.3)  ,  Loss/total: 5.25254  ,  IoU: 0.72817
[train: 4, 650 / 2000] FPS: 6.9 (7.3)  ,  Loss/total: 5.25279  ,  IoU: 0.72957
[train: 4, 700 / 2000] FPS: 6.7 (5.0)  ,  Loss/total: 5.24790  ,  IoU: 0.73166
[train: 4, 750 / 2000] FPS: 6.7 (6.0)  ,  Loss/total: 5.24226  ,  IoU: 0.73131
[train: 4, 800 / 2000] FPS: 6.8 (6.6)  ,  Loss/total: 5.24435  ,  IoU: 0.73188
[train: 4, 850 / 2000] FPS: 6.8 (8.1)  ,  Loss/total: 5.24143  ,  IoU: 0.73243
[train: 4, 900 / 2000] FPS: 6.7 (8.8)  ,  Loss/total: 5.24940  ,  IoU: 0.73091
[train: 4, 950 / 2000] FPS: 6.7 (6.3)  ,  Loss/total: 5.24477  ,  IoU: 0.73136
[train: 4, 1000 / 2000] FPS: 6.7 (6.0)  ,  Loss/total: 5.24093  ,  IoU: 0.73256
[train: 4, 1050 / 2000] FPS: 6.7 (7.9)  ,  Loss/total: 5.23981  ,  IoU: 0.73228
[train: 4, 1100 / 2000] FPS: 6.7 (7.1)  ,  Loss/total: 5.23321  ,  IoU: 0.73304
[train: 4, 1150 / 2000] FPS: 6.7 (7.7)  ,  Loss/total: 5.24051  ,  IoU: 0.73257
[train: 4, 1200 / 2000] FPS: 6.7 (6.6)  ,  Loss/total: 5.24327  ,  IoU: 0.73239
[train: 4, 1250 / 2000] FPS: 6.7 (7.2)  ,  Loss/total: 5.23568  ,  IoU: 0.73353
[train: 4, 1300 / 2000] FPS: 6.7 (8.5)  ,  Loss/total: 5.23688  ,  IoU: 0.73312
[train: 4, 1350 / 2000] FPS: 6.7 (7.1)  ,  Loss/total: 5.23071  ,  IoU: 0.73419
[train: 4, 1400 / 2000] FPS: 6.8 (7.6)  ,  Loss/total: 5.23657  ,  IoU: 0.73378
[train: 4, 1450 / 2000] FPS: 6.8 (5.1)  ,  Loss/total: 5.23775  ,  IoU: 0.73359
[train: 4, 1500 / 2000] FPS: 6.8 (9.2)  ,  Loss/total: 5.23724  ,  IoU: 0.73479
[train: 4, 1550 / 2000] FPS: 6.8 (6.8)  ,  Loss/total: 5.24271  ,  IoU: 0.73401
[train: 4, 1600 / 2000] FPS: 6.8 (8.0)  ,  Loss/total: 5.23716  ,  IoU: 0.73317
[train: 4, 1650 / 2000] FPS: 6.8 (7.4)  ,  Loss/total: 5.23699  ,  IoU: 0.73296
[train: 4, 1700 / 2000] FPS: 6.8 (5.4)  ,  Loss/total: 5.23663  ,  IoU: 0.73297
[train: 4, 1750 / 2000] FPS: 6.8 (5.8)  ,  Loss/total: 5.23901  ,  IoU: 0.73278
[train: 4, 1800 / 2000] FPS: 6.8 (8.7)  ,  Loss/total: 5.23915  ,  IoU: 0.73230
[train: 4, 1850 / 2000] FPS: 6.8 (4.7)  ,  Loss/total: 5.24071  ,  IoU: 0.73241
[train: 4, 1900 / 2000] FPS: 6.8 (9.4)  ,  Loss/total: 5.23744  ,  IoU: 0.73302
[train: 4, 1950 / 2000] FPS: 6.8 (9.7)  ,  Loss/total: 5.23332  ,  IoU: 0.73286
[train: 4, 2000 / 2000] FPS: 6.9 (12.9)  ,  Loss/total: 5.23530  ,  IoU: 0.73332
[train: 5, 50 / 2000] FPS: 5.4 (6.9)  ,  Loss/total: 5.22851  ,  IoU: 0.75041
[train: 5, 100 / 2000] FPS: 6.1 (7.6)  ,  Loss/total: 5.26033  ,  IoU: 0.73996
[train: 5, 150 / 2000] FPS: 6.4 (8.2)  ,  Loss/total: 5.26462  ,  IoU: 0.74535
[train: 5, 200 / 2000] FPS: 6.5 (7.6)  ,  Loss/total: 5.24092  ,  IoU: 0.74432
[train: 5, 250 / 2000] FPS: 6.6 (8.6)  ,  Loss/total: 5.19061  ,  IoU: 0.74839
[train: 5, 300 / 2000] FPS: 6.7 (5.8)  ,  Loss/total: 5.20412  ,  IoU: 0.74098
[train: 5, 350 / 2000] FPS: 6.8 (9.0)  ,  Loss/total: 5.20320  ,  IoU: 0.74330
[train: 5, 400 / 2000] FPS: 6.8 (8.2)  ,  Loss/total: 5.19778  ,  IoU: 0.74142
[train: 5, 450 / 2000] FPS: 6.8 (9.7)  ,  Loss/total: 5.19359  ,  IoU: 0.74044
[train: 5, 500 / 2000] FPS: 6.9 (9.5)  ,  Loss/total: 5.21311  ,  IoU: 0.73707
[train: 5, 550 / 2000] FPS: 6.9 (6.0)  ,  Loss/total: 5.21977  ,  IoU: 0.73867
[train: 5, 600 / 2000] FPS: 6.9 (9.5)  ,  Loss/total: 5.21803  ,  IoU: 0.73810
[train: 5, 650 / 2000] FPS: 6.9 (8.8)  ,  Loss/total: 5.21334  ,  IoU: 0.73706
[train: 5, 700 / 2000] FPS: 6.9 (7.9)  ,  Loss/total: 5.20575  ,  IoU: 0.73895
[train: 5, 750 / 2000] FPS: 6.9 (6.0)  ,  Loss/total: 5.20047  ,  IoU: 0.74041
[train: 5, 800 / 2000] FPS: 6.9 (6.3)  ,  Loss/total: 5.21314  ,  IoU: 0.73818
[train: 5, 850 / 2000] FPS: 6.9 (6.6)  ,  Loss/total: 5.20539  ,  IoU: 0.74080
[train: 5, 900 / 2000] FPS: 6.5 (3.9)  ,  Loss/total: 5.21006  ,  IoU: 0.73940
[train: 5, 950 / 2000] FPS: 6.4 (2.0)  ,  Loss/total: 5.20861  ,  IoU: 0.74058
[train: 5, 1000 / 2000] FPS: 6.4 (8.8)  ,  Loss/total: 5.20672  ,  IoU: 0.74085
[train: 5, 1050 / 2000] FPS: 6.4 (8.4)  ,  Loss/total: 5.21247  ,  IoU: 0.74013
[train: 5, 1100 / 2000] FPS: 6.5 (7.5)  ,  Loss/total: 5.21045  ,  IoU: 0.73975
[train: 5, 1150 / 2000] FPS: 6.5 (9.1)  ,  Loss/total: 5.20864  ,  IoU: 0.74038
[train: 5, 1200 / 2000] FPS: 6.5 (6.2)  ,  Loss/total: 5.20648  ,  IoU: 0.74117
[train: 5, 1250 / 2000] FPS: 6.5 (7.2)  ,  Loss/total: 5.20632  ,  IoU: 0.74187
[train: 5, 1300 / 2000] FPS: 6.5 (8.7)  ,  Loss/total: 5.21265  ,  IoU: 0.74138
[train: 5, 1350 / 2000] FPS: 6.5 (7.9)  ,  Loss/total: 5.20940  ,  IoU: 0.74109
[train: 5, 1400 / 2000] FPS: 6.5 (9.9)  ,  Loss/total: 5.20427  ,  IoU: 0.74150
[train: 5, 1450 / 2000] FPS: 6.6 (9.9)  ,  Loss/total: 5.20135  ,  IoU: 0.74141
[train: 5, 1500 / 2000] FPS: 6.6 (5.6)  ,  Loss/total: 5.20314  ,  IoU: 0.74164
[train: 5, 1550 / 2000] FPS: 6.6 (11.7)  ,  Loss/total: 5.19786  ,  IoU: 0.74208
[train: 5, 1600 / 2000] FPS: 6.6 (8.5)  ,  Loss/total: 5.19578  ,  IoU: 0.74239
[train: 5, 1650 / 2000] FPS: 6.6 (4.8)  ,  Loss/total: 5.19512  ,  IoU: 0.74198
[train: 5, 1700 / 2000] FPS: 6.6 (4.7)  ,  Loss/total: 5.19494  ,  IoU: 0.74252
[train: 5, 1750 / 2000] FPS: 6.6 (10.5)  ,  Loss/total: 5.19181  ,  IoU: 0.74268
[train: 5, 1800 / 2000] FPS: 6.6 (4.8)  ,  Loss/total: 5.18769  ,  IoU: 0.74335
[train: 5, 1850 / 2000] FPS: 6.6 (12.3)  ,  Loss/total: 5.18510  ,  IoU: 0.74373
[train: 5, 1900 / 2000] FPS: 6.6 (13.6)  ,  Loss/total: 5.18076  ,  IoU: 0.74506
[train: 5, 1950 / 2000] FPS: 6.6 (6.5)  ,  Loss/total: 5.18080  ,  IoU: 0.74525
[train: 5, 2000 / 2000] FPS: 6.6 (13.3)  ,  Loss/total: 5.18108  ,  IoU: 0.74463
[train: 6, 50 / 2000] FPS: 5.3 (7.8)  ,  Loss/total: 5.21733  ,  IoU: 0.74426
[train: 6, 100 / 2000] FPS: 6.1 (7.2)  ,  Loss/total: 5.22779  ,  IoU: 0.72332
[train: 6, 150 / 2000] FPS: 6.4 (9.8)  ,  Loss/total: 5.16076  ,  IoU: 0.74103
[train: 6, 200 / 2000] FPS: 6.5 (6.5)  ,  Loss/total: 5.12246  ,  IoU: 0.75107
[train: 6, 250 / 2000] FPS: 6.6 (7.3)  ,  Loss/total: 5.11723  ,  IoU: 0.75802
[train: 6, 300 / 2000] FPS: 6.7 (9.1)  ,  Loss/total: 5.12733  ,  IoU: 0.75681
[train: 6, 350 / 2000] FPS: 6.7 (6.5)  ,  Loss/total: 5.13162  ,  IoU: 0.76082
[train: 6, 400 / 2000] FPS: 6.8 (9.2)  ,  Loss/total: 5.13655  ,  IoU: 0.75853
[train: 6, 450 / 2000] FPS: 6.8 (10.2)  ,  Loss/total: 5.14664  ,  IoU: 0.75631
[train: 6, 500 / 2000] FPS: 6.8 (8.1)  ,  Loss/total: 5.14051  ,  IoU: 0.75896
[train: 6, 550 / 2000] FPS: 6.9 (5.9)  ,  Loss/total: 5.13646  ,  IoU: 0.75940
[train: 6, 600 / 2000] FPS: 6.9 (5.8)  ,  Loss/total: 5.13968  ,  IoU: 0.75870
[train: 6, 650 / 2000] FPS: 6.9 (4.1)  ,  Loss/total: 5.13228  ,  IoU: 0.75797
[train: 6, 700 / 2000] FPS: 6.9 (8.3)  ,  Loss/total: 5.14207  ,  IoU: 0.75489
[train: 6, 750 / 2000] FPS: 6.9 (5.1)  ,  Loss/total: 5.14270  ,  IoU: 0.75427
[train: 6, 800 / 2000] FPS: 6.9 (7.0)  ,  Loss/total: 5.15143  ,  IoU: 0.75037
[train: 6, 850 / 2000] FPS: 6.9 (7.7)  ,  Loss/total: 5.15972  ,  IoU: 0.74807
[train: 6, 900 / 2000] FPS: 6.9 (9.3)  ,  Loss/total: 5.15060  ,  IoU: 0.74786
[train: 6, 950 / 2000] FPS: 6.9 (6.7)  ,  Loss/total: 5.13520  ,  IoU: 0.75054
[train: 6, 1000 / 2000] FPS: 6.9 (8.5)  ,  Loss/total: 5.13726  ,  IoU: 0.75156
[train: 6, 1050 / 2000] FPS: 7.0 (6.4)  ,  Loss/total: 5.12468  ,  IoU: 0.75444
[train: 6, 1100 / 2000] FPS: 7.0 (7.2)  ,  Loss/total: 5.12222  ,  IoU: 0.75527
[train: 6, 1150 / 2000] FPS: 7.0 (6.9)  ,  Loss/total: 5.12599  ,  IoU: 0.75487
[train: 6, 1200 / 2000] FPS: 7.0 (6.7)  ,  Loss/total: 5.12762  ,  IoU: 0.75404
[train: 6, 1250 / 2000] FPS: 7.0 (5.3)  ,  Loss/total: 5.12170  ,  IoU: 0.75451
[train: 6, 1300 / 2000] FPS: 7.0 (7.6)  ,  Loss/total: 5.11244  ,  IoU: 0.75599
[train: 6, 1350 / 2000] FPS: 7.0 (8.2)  ,  Loss/total: 5.11084  ,  IoU: 0.75475
[train: 6, 1400 / 2000] FPS: 7.0 (5.1)  ,  Loss/total: 5.11025  ,  IoU: 0.75550
[train: 6, 1450 / 2000] FPS: 7.0 (7.3)  ,  Loss/total: 5.10940  ,  IoU: 0.75592
[train: 6, 1500 / 2000] FPS: 7.0 (7.4)  ,  Loss/total: 5.11384  ,  IoU: 0.75486
[train: 6, 1550 / 2000] FPS: 7.0 (7.7)  ,  Loss/total: 5.11098  ,  IoU: 0.75456
[train: 6, 1600 / 2000] FPS: 7.0 (8.6)  ,  Loss/total: 5.10919  ,  IoU: 0.75510
[train: 6, 1650 / 2000] FPS: 7.0 (6.7)  ,  Loss/total: 5.11109  ,  IoU: 0.75384
[train: 6, 1700 / 2000] FPS: 7.0 (7.3)  ,  Loss/total: 5.11378  ,  IoU: 0.75310
[train: 6, 1750 / 2000] FPS: 7.0 (6.6)  ,  Loss/total: 5.11390  ,  IoU: 0.75361
[train: 6, 1800 / 2000] FPS: 7.0 (6.2)  ,  Loss/total: 5.11140  ,  IoU: 0.75411
[train: 6, 1850 / 2000] FPS: 7.0 (7.5)  ,  Loss/total: 5.11123  ,  IoU: 0.75392
[train: 6, 1900 / 2000] FPS: 7.0 (7.9)  ,  Loss/total: 5.11666  ,  IoU: 0.75207
[train: 6, 1950 / 2000] FPS: 7.0 (4.8)  ,  Loss/total: 5.11994  ,  IoU: 0.75143
[train: 6, 2000 / 2000] FPS: 7.0 (12.7)  ,  Loss/total: 5.12104  ,  IoU: 0.75091
[train: 7, 50 / 2000] FPS: 6.4 (9.3)  ,  Loss/total: 5.02451  ,  IoU: 0.74552
[train: 7, 100 / 2000] FPS: 6.7 (8.1)  ,  Loss/total: 5.01498  ,  IoU: 0.76242
[train: 7, 150 / 2000] FPS: 6.9 (7.4)  ,  Loss/total: 5.02072  ,  IoU: 0.76736
[train: 7, 200 / 2000] FPS: 6.9 (7.4)  ,  Loss/total: 5.08497  ,  IoU: 0.76387
[train: 7, 250 / 2000] FPS: 6.9 (5.0)  ,  Loss/total: 5.09042  ,  IoU: 0.76312
[train: 7, 300 / 2000] FPS: 6.9 (6.3)  ,  Loss/total: 5.08720  ,  IoU: 0.76455
[train: 7, 350 / 2000] FPS: 7.0 (7.3)  ,  Loss/total: 5.11483  ,  IoU: 0.76300
[train: 7, 400 / 2000] FPS: 7.0 (6.6)  ,  Loss/total: 5.09807  ,  IoU: 0.76576
[train: 7, 450 / 2000] FPS: 7.0 (8.8)  ,  Loss/total: 5.09407  ,  IoU: 0.76247
[train: 7, 500 / 2000] FPS: 7.0 (6.7)  ,  Loss/total: 5.09000  ,  IoU: 0.76249
[train: 7, 550 / 2000] FPS: 7.0 (6.0)  ,  Loss/total: 5.09267  ,  IoU: 0.76109
[train: 7, 600 / 2000] FPS: 7.0 (7.8)  ,  Loss/total: 5.10289  ,  IoU: 0.75820
[train: 7, 650 / 2000] FPS: 7.0 (6.8)  ,  Loss/total: 5.09544  ,  IoU: 0.75628
[train: 7, 700 / 2000] FPS: 7.0 (8.8)  ,  Loss/total: 5.08973  ,  IoU: 0.75675
[train: 7, 750 / 2000] FPS: 7.0 (7.1)  ,  Loss/total: 5.09533  ,  IoU: 0.75713
[train: 7, 800 / 2000] FPS: 7.0 (6.0)  ,  Loss/total: 5.11904  ,  IoU: 0.75384
[train: 7, 850 / 2000] FPS: 7.0 (5.7)  ,  Loss/total: 5.11346  ,  IoU: 0.75368
[train: 7, 900 / 2000] FPS: 7.0 (7.3)  ,  Loss/total: 5.10981  ,  IoU: 0.75518
[train: 7, 950 / 2000] FPS: 7.0 (8.3)  ,  Loss/total: 5.10187  ,  IoU: 0.75777
[train: 7, 1000 / 2000] FPS: 7.0 (6.4)  ,  Loss/total: 5.10500  ,  IoU: 0.75678
[train: 7, 1050 / 2000] FPS: 7.0 (9.3)  ,  Loss/total: 5.10841  ,  IoU: 0.75689
[train: 7, 1100 / 2000] FPS: 7.0 (6.4)  ,  Loss/total: 5.11163  ,  IoU: 0.75654
[train: 7, 1150 / 2000] FPS: 7.0 (7.0)  ,  Loss/total: 5.11730  ,  IoU: 0.75478
[train: 7, 1200 / 2000] FPS: 7.0 (7.4)  ,  Loss/total: 5.12066  ,  IoU: 0.75523
[train: 7, 1250 / 2000] FPS: 7.0 (7.7)  ,  Loss/total: 5.12253  ,  IoU: 0.75510
[train: 7, 1300 / 2000] FPS: 7.0 (8.0)  ,  Loss/total: 5.11673  ,  IoU: 0.75535
[train: 7, 1350 / 2000] FPS: 7.0 (10.3)  ,  Loss/total: 5.11464  ,  IoU: 0.75612
[train: 7, 1400 / 2000] FPS: 7.0 (6.8)  ,  Loss/total: 5.11747  ,  IoU: 0.75549
[train: 7, 1450 / 2000] FPS: 7.0 (6.7)  ,  Loss/total: 5.11788  ,  IoU: 0.75618
[train: 7, 1500 / 2000] FPS: 7.0 (7.0)  ,  Loss/total: 5.11555  ,  IoU: 0.75641
[train: 7, 1550 / 2000] FPS: 7.0 (6.8)  ,  Loss/total: 5.11582  ,  IoU: 0.75638
[train: 7, 1600 / 2000] FPS: 7.0 (8.3)  ,  Loss/total: 5.11949  ,  IoU: 0.75553
[train: 7, 1650 / 2000] FPS: 7.0 (6.4)  ,  Loss/total: 5.12373  ,  IoU: 0.75496
[train: 7, 1700 / 2000] FPS: 7.0 (9.7)  ,  Loss/total: 5.11645  ,  IoU: 0.75588
[train: 7, 1750 / 2000] FPS: 7.0 (7.7)  ,  Loss/total: 5.11368  ,  IoU: 0.75668
[train: 7, 1800 / 2000] FPS: 7.0 (6.5)  ,  Loss/total: 5.11445  ,  IoU: 0.75674
[train: 7, 1850 / 2000] FPS: 7.0 (5.8)  ,  Loss/total: 5.10978  ,  IoU: 0.75742
[train: 7, 1900 / 2000] FPS: 7.0 (8.4)  ,  Loss/total: 5.10983  ,  IoU: 0.75800
[train: 7, 1950 / 2000] FPS: 7.0 (6.9)  ,  Loss/total: 5.10587  ,  IoU: 0.75813
[train: 7, 2000 / 2000] FPS: 7.1 (13.1)  ,  Loss/total: 5.10634  ,  IoU: 0.75856
[train: 8, 50 / 2000] FPS: 6.4 (6.6)  ,  Loss/total: 5.15681  ,  IoU: 0.78093
[train: 8, 100 / 2000] FPS: 6.7 (8.4)  ,  Loss/total: 5.11528  ,  IoU: 0.76693
[train: 8, 150 / 2000] FPS: 6.8 (7.1)  ,  Loss/total: 5.08173  ,  IoU: 0.78265
[train: 8, 200 / 2000] FPS: 6.9 (6.3)  ,  Loss/total: 5.08824  ,  IoU: 0.78362
[train: 8, 250 / 2000] FPS: 6.9 (6.5)  ,  Loss/total: 5.05572  ,  IoU: 0.78481
[train: 8, 300 / 2000] FPS: 7.0 (7.1)  ,  Loss/total: 5.05423  ,  IoU: 0.78177
[train: 8, 350 / 2000] FPS: 7.0 (5.3)  ,  Loss/total: 5.07768  ,  IoU: 0.77709
[train: 8, 400 / 2000] FPS: 7.0 (6.3)  ,  Loss/total: 5.09799  ,  IoU: 0.76960
[train: 8, 450 / 2000] FPS: 7.0 (7.5)  ,  Loss/total: 5.10836  ,  IoU: 0.76746
[train: 8, 500 / 2000] FPS: 7.0 (5.6)  ,  Loss/total: 5.10743  ,  IoU: 0.76666
[train: 8, 550 / 2000] FPS: 7.0 (10.1)  ,  Loss/total: 5.10031  ,  IoU: 0.76691
[train: 8, 600 / 2000] FPS: 7.0 (6.7)  ,  Loss/total: 5.09939  ,  IoU: 0.76669
[train: 8, 650 / 2000] FPS: 7.0 (7.2)  ,  Loss/total: 5.08995  ,  IoU: 0.76755
[train: 8, 700 / 2000] FPS: 7.0 (5.9)  ,  Loss/total: 5.08854  ,  IoU: 0.76830
[train: 8, 750 / 2000] FPS: 7.0 (7.6)  ,  Loss/total: 5.08930  ,  IoU: 0.76883
[train: 8, 800 / 2000] FPS: 7.0 (7.8)  ,  Loss/total: 5.10075  ,  IoU: 0.76576
[train: 8, 850 / 2000] FPS: 7.0 (6.9)  ,  Loss/total: 5.10075  ,  IoU: 0.76511
[train: 8, 900 / 2000] FPS: 7.0 (7.9)  ,  Loss/total: 5.09428  ,  IoU: 0.76396
[train: 8, 950 / 2000] FPS: 7.0 (6.3)  ,  Loss/total: 5.08630  ,  IoU: 0.76405
[train: 8, 1000 / 2000] FPS: 7.0 (7.7)  ,  Loss/total: 5.09375  ,  IoU: 0.76193
[train: 8, 1050 / 2000] FPS: 7.0 (6.2)  ,  Loss/total: 5.09871  ,  IoU: 0.76099
[train: 8, 1100 / 2000] FPS: 7.0 (8.7)  ,  Loss/total: 5.09711  ,  IoU: 0.76266
[train: 8, 1150 / 2000] FPS: 7.0 (7.4)  ,  Loss/total: 5.08910  ,  IoU: 0.76386
[train: 8, 1200 / 2000] FPS: 7.0 (6.9)  ,  Loss/total: 5.09040  ,  IoU: 0.76279
[train: 8, 1250 / 2000] FPS: 7.0 (6.5)  ,  Loss/total: 5.08869  ,  IoU: 0.76359
[train: 8, 1300 / 2000] FPS: 7.0 (7.0)  ,  Loss/total: 5.08977  ,  IoU: 0.76291
[train: 8, 1350 / 2000] FPS: 7.0 (5.8)  ,  Loss/total: 5.08998  ,  IoU: 0.76295
[train: 8, 1400 / 2000] FPS: 7.0 (8.6)  ,  Loss/total: 5.08810  ,  IoU: 0.76293
[train: 8, 1450 / 2000] FPS: 7.0 (5.3)  ,  Loss/total: 5.08799  ,  IoU: 0.76262
[train: 8, 1500 / 2000] FPS: 7.0 (7.1)  ,  Loss/total: 5.08738  ,  IoU: 0.76243
[train: 8, 1550 / 2000] FPS: 7.0 (6.6)  ,  Loss/total: 5.08946  ,  IoU: 0.76108
[train: 8, 1600 / 2000] FPS: 7.0 (6.5)  ,  Loss/total: 5.08863  ,  IoU: 0.76076
[train: 8, 1650 / 2000] FPS: 7.0 (6.6)  ,  Loss/total: 5.08853  ,  IoU: 0.76080
[train: 8, 1700 / 2000] FPS: 7.0 (9.1)  ,  Loss/total: 5.09368  ,  IoU: 0.76037
[train: 8, 1750 / 2000] FPS: 7.0 (8.3)  ,  Loss/total: 5.09346  ,  IoU: 0.76062
[train: 8, 1800 / 2000] FPS: 7.0 (9.6)  ,  Loss/total: 5.09449  ,  IoU: 0.76130
[train: 8, 1850 / 2000] FPS: 7.0 (8.8)  ,  Loss/total: 5.09479  ,  IoU: 0.76128
[train: 8, 1900 / 2000] FPS: 7.0 (6.3)  ,  Loss/total: 5.08759  ,  IoU: 0.76163
[train: 8, 1950 / 2000] FPS: 7.0 (8.6)  ,  Loss/total: 5.08812  ,  IoU: 0.76104
[train: 8, 2000 / 2000] FPS: 7.1 (12.7)  ,  Loss/total: 5.09315  ,  IoU: 0.76047
[train: 9, 50 / 2000] FPS: 6.5 (8.5)  ,  Loss/total: 5.09502  ,  IoU: 0.78223
[train: 9, 100 / 2000] FPS: 5.8 (6.4)  ,  Loss/total: 5.09788  ,  IoU: 0.76791
[train: 9, 150 / 2000] FPS: 6.1 (7.7)  ,  Loss/total: 5.06801  ,  IoU: 0.76876
[train: 9, 200 / 2000] FPS: 6.3 (6.9)  ,  Loss/total: 5.04817  ,  IoU: 0.77065
[train: 9, 250 / 2000] FPS: 6.4 (8.1)  ,  Loss/total: 5.06049  ,  IoU: 0.77160
[train: 9, 300 / 2000] FPS: 6.5 (8.5)  ,  Loss/total: 5.05068  ,  IoU: 0.77415
[train: 9, 350 / 2000] FPS: 6.2 (7.5)  ,  Loss/total: 5.04424  ,  IoU: 0.77463
[train: 9, 400 / 2000] FPS: 6.3 (7.8)  ,  Loss/total: 5.03730  ,  IoU: 0.77316
[train: 9, 450 / 2000] FPS: 6.2 (9.3)  ,  Loss/total: 5.04010  ,  IoU: 0.77022
[train: 9, 500 / 2000] FPS: 6.3 (7.4)  ,  Loss/total: 5.04207  ,  IoU: 0.76938
[train: 9, 550 / 2000] FPS: 6.3 (6.6)  ,  Loss/total: 5.05331  ,  IoU: 0.76632
[train: 9, 600 / 2000] FPS: 6.4 (6.4)  ,  Loss/total: 5.04238  ,  IoU: 0.76675
[train: 9, 650 / 2000] FPS: 6.4 (8.3)  ,  Loss/total: 5.02526  ,  IoU: 0.76801
[train: 9, 700 / 2000] FPS: 6.5 (8.9)  ,  Loss/total: 5.02647  ,  IoU: 0.76871
[train: 9, 750 / 2000] FPS: 6.5 (7.4)  ,  Loss/total: 5.04243  ,  IoU: 0.76500
[train: 9, 800 / 2000] FPS: 6.5 (6.1)  ,  Loss/total: 5.04661  ,  IoU: 0.76461
[train: 9, 850 / 2000] FPS: 6.6 (5.6)  ,  Loss/total: 5.04574  ,  IoU: 0.76573
[train: 9, 900 / 2000] FPS: 6.6 (7.4)  ,  Loss/total: 5.04166  ,  IoU: 0.76532
[train: 9, 950 / 2000] FPS: 6.6 (10.1)  ,  Loss/total: 5.04543  ,  IoU: 0.76490
[train: 9, 1000 / 2000] FPS: 6.6 (8.3)  ,  Loss/total: 5.04389  ,  IoU: 0.76614
[train: 9, 1050 / 2000] FPS: 6.6 (7.5)  ,  Loss/total: 5.04335  ,  IoU: 0.76667
[train: 9, 1100 / 2000] FPS: 6.7 (8.9)  ,  Loss/total: 5.04197  ,  IoU: 0.76646
[train: 9, 1150 / 2000] FPS: 6.7 (6.0)  ,  Loss/total: 5.04285  ,  IoU: 0.76668
[train: 9, 1200 / 2000] FPS: 6.7 (5.9)  ,  Loss/total: 5.04343  ,  IoU: 0.76727
[train: 9, 1250 / 2000] FPS: 6.7 (6.7)  ,  Loss/total: 5.04057  ,  IoU: 0.76795
[train: 9, 1300 / 2000] FPS: 6.7 (5.4)  ,  Loss/total: 5.04624  ,  IoU: 0.76775
[train: 9, 1350 / 2000] FPS: 6.7 (8.1)  ,  Loss/total: 5.06349  ,  IoU: 0.76616
[train: 9, 1400 / 2000] FPS: 6.7 (8.0)  ,  Loss/total: 5.05762  ,  IoU: 0.76634
[train: 9, 1450 / 2000] FPS: 6.7 (7.2)  ,  Loss/total: 5.05392  ,  IoU: 0.76689
[train: 9, 1500 / 2000] FPS: 6.8 (9.6)  ,  Loss/total: 5.05944  ,  IoU: 0.76504
[train: 9, 1550 / 2000] FPS: 6.8 (6.9)  ,  Loss/total: 5.06378  ,  IoU: 0.76413
[train: 9, 1600 / 2000] FPS: 6.8 (8.8)  ,  Loss/total: 5.06442  ,  IoU: 0.76458
[train: 9, 1650 / 2000] FPS: 6.8 (6.6)  ,  Loss/total: 5.06661  ,  IoU: 0.76374
[train: 9, 1700 / 2000] FPS: 6.8 (6.1)  ,  Loss/total: 5.05839  ,  IoU: 0.76489
[train: 9, 1750 / 2000] FPS: 6.8 (5.5)  ,  Loss/total: 5.05962  ,  IoU: 0.76535
[train: 9, 1800 / 2000] FPS: 6.8 (7.0)  ,  Loss/total: 5.05235  ,  IoU: 0.76610
[train: 9, 1850 / 2000] FPS: 6.8 (6.9)  ,  Loss/total: 5.05050  ,  IoU: 0.76696
[train: 9, 1900 / 2000] FPS: 6.8 (7.0)  ,  Loss/total: 5.05087  ,  IoU: 0.76680
[train: 9, 1950 / 2000] FPS: 6.8 (6.2)  ,  Loss/total: 5.04596  ,  IoU: 0.76795
[train: 9, 2000 / 2000] FPS: 6.8 (13.2)  ,  Loss/total: 5.04384  ,  IoU: 0.76836
[train: 10, 50 / 2000] FPS: 6.5 (6.6)  ,  Loss/total: 5.20969  ,  IoU: 0.73697
[train: 10, 100 / 2000] FPS: 6.8 (6.7)  ,  Loss/total: 5.14781  ,  IoU: 0.74767
[train: 10, 150 / 2000] FPS: 6.8 (5.5)  ,  Loss/total: 5.14836  ,  IoU: 0.75323
[train: 10, 200 / 2000] FPS: 6.9 (8.4)  ,  Loss/total: 5.12392  ,  IoU: 0.75969
[train: 10, 250 / 2000] FPS: 6.9 (6.5)  ,  Loss/total: 5.08312  ,  IoU: 0.75941
[train: 10, 300 / 2000] FPS: 6.9 (9.3)  ,  Loss/total: 5.10471  ,  IoU: 0.75943
[train: 10, 350 / 2000] FPS: 7.0 (8.2)  ,  Loss/total: 5.08432  ,  IoU: 0.76699
[train: 10, 400 / 2000] FPS: 7.0 (5.0)  ,  Loss/total: 5.08525  ,  IoU: 0.76891
[train: 10, 450 / 2000] FPS: 7.0 (8.4)  ,  Loss/total: 5.08148  ,  IoU: 0.77100
[train: 10, 500 / 2000] FPS: 7.0 (7.4)  ,  Loss/total: 5.06148  ,  IoU: 0.77121
[train: 10, 550 / 2000] FPS: 7.0 (7.0)  ,  Loss/total: 5.05212  ,  IoU: 0.77289
[train: 10, 600 / 2000] FPS: 7.0 (9.8)  ,  Loss/total: 5.05003  ,  IoU: 0.77050
[train: 10, 650 / 2000] FPS: 7.0 (7.2)  ,  Loss/total: 5.05415  ,  IoU: 0.77133
[train: 10, 700 / 2000] FPS: 7.0 (6.1)  ,  Loss/total: 5.04502  ,  IoU: 0.77320
[train: 10, 750 / 2000] FPS: 6.9 (6.5)  ,  Loss/total: 5.05902  ,  IoU: 0.77210
[train: 10, 800 / 2000] FPS: 6.9 (7.1)  ,  Loss/total: 5.06083  ,  IoU: 0.77082
[train: 10, 850 / 2000] FPS: 6.9 (5.2)  ,  Loss/total: 5.06641  ,  IoU: 0.77065
[train: 10, 900 / 2000] FPS: 6.9 (7.7)  ,  Loss/total: 5.05335  ,  IoU: 0.77261
[train: 10, 950 / 2000] FPS: 6.9 (6.0)  ,  Loss/total: 5.05677  ,  IoU: 0.77082
[train: 10, 1000 / 2000] FPS: 6.9 (7.6)  ,  Loss/total: 5.05842  ,  IoU: 0.76995
[train: 10, 1050 / 2000] FPS: 6.9 (7.1)  ,  Loss/total: 5.06373  ,  IoU: 0.76868
[train: 10, 1100 / 2000] FPS: 6.9 (5.7)  ,  Loss/total: 5.06269  ,  IoU: 0.76756
[train: 10, 1150 / 2000] FPS: 6.9 (6.7)  ,  Loss/total: 5.05448  ,  IoU: 0.76891
[train: 10, 1200 / 2000] FPS: 7.0 (7.8)  ,  Loss/total: 5.05502  ,  IoU: 0.76814
[train: 10, 1250 / 2000] FPS: 7.0 (7.7)  ,  Loss/total: 5.05270  ,  IoU: 0.76890
[train: 10, 1300 / 2000] FPS: 7.0 (6.9)  ,  Loss/total: 5.04759  ,  IoU: 0.76944
[train: 10, 1350 / 2000] FPS: 7.0 (8.1)  ,  Loss/total: 5.04547  ,  IoU: 0.76994
[train: 10, 1400 / 2000] FPS: 7.0 (6.7)  ,  Loss/total: 5.03949  ,  IoU: 0.76993
[train: 10, 1450 / 2000] FPS: 7.0 (7.1)  ,  Loss/total: 5.04046  ,  IoU: 0.76981
[train: 10, 1500 / 2000] FPS: 7.0 (9.2)  ,  Loss/total: 5.04207  ,  IoU: 0.76960
[train: 10, 1550 / 2000] FPS: 7.0 (7.0)  ,  Loss/total: 5.04725  ,  IoU: 0.76951
[train: 10, 1600 / 2000] FPS: 7.0 (6.3)  ,  Loss/total: 5.04043  ,  IoU: 0.76947
[train: 10, 1650 / 2000] FPS: 7.0 (7.0)  ,  Loss/total: 5.03644  ,  IoU: 0.77003
[train: 10, 1700 / 2000] FPS: 7.0 (7.8)  ,  Loss/total: 5.03773  ,  IoU: 0.77026
[train: 10, 1750 / 2000] FPS: 7.0 (7.8)  ,  Loss/total: 5.03941  ,  IoU: 0.77044
[train: 10, 1800 / 2000] FPS: 7.0 (7.4)  ,  Loss/total: 5.03900  ,  IoU: 0.77033
[train: 10, 1850 / 2000] FPS: 7.0 (8.2)  ,  Loss/total: 5.04087  ,  IoU: 0.76983
[train: 10, 1900 / 2000] FPS: 7.0 (4.8)  ,  Loss/total: 5.03897  ,  IoU: 0.77036
[train: 10, 1950 / 2000] FPS: 7.0 (6.6)  ,  Loss/total: 5.04027  ,  IoU: 0.76995
[train: 10, 2000 / 2000] FPS: 7.0 (12.6)  ,  Loss/total: 5.03589  ,  IoU: 0.77065
