[train: 1, 50 / 2000] FPS: 6.6 (7.5)  ,  Loss/total: 5.40493  ,  IoU: 0.71483
[train: 1, 100 / 2000] FPS: 7.8 (11.0)  ,  Loss/total: 5.47168  ,  IoU: 0.71620
[train: 1, 150 / 2000] FPS: 8.3 (10.3)  ,  Loss/total: 5.37902  ,  IoU: 0.73226
[train: 1, 50 / 2000] FPS: 6.6 (12.0)  ,  Loss/total: 5.27919  ,  IoU: 0.75157
[train: 1, 100 / 2000] FPS: 7.8 (11.1)  ,  Loss/total: 5.11916  ,  IoU: 0.78522
[train: 1, 150 / 2000] FPS: 8.3 (11.9)  ,  Loss/total: 5.16370  ,  IoU: 0.78528
[train: 1, 200 / 2000] FPS: 8.6 (8.1)  ,  Loss/total: 5.15588  ,  IoU: 0.78423
[train: 1, 250 / 2000] FPS: 8.7 (7.9)  ,  Loss/total: 5.22371  ,  IoU: 0.77759
[train: 1, 300 / 2000] FPS: 8.8 (10.9)  ,  Loss/total: 5.25487  ,  IoU: 0.76196
[train: 1, 350 / 2000] FPS: 8.9 (6.5)  ,  Loss/total: 5.26213  ,  IoU: 0.76391
[train: 1, 400 / 2000] FPS: 9.0 (8.6)  ,  Loss/total: 5.25159  ,  IoU: 0.76328
[train: 1, 450 / 2000] FPS: 9.1 (7.5)  ,  Loss/total: 5.24723  ,  IoU: 0.76264
[train: 1, 500 / 2000] FPS: 9.1 (11.5)  ,  Loss/total: 5.25638  ,  IoU: 0.75985
[train: 1, 550 / 2000] FPS: 9.1 (11.4)  ,  Loss/total: 5.27099  ,  IoU: 0.75424
[train: 1, 600 / 2000] FPS: 9.2 (8.9)  ,  Loss/total: 5.26463  ,  IoU: 0.75293
[train: 1, 650 / 2000] FPS: 9.2 (8.4)  ,  Loss/total: 5.28459  ,  IoU: 0.74986
[train: 1, 700 / 2000] FPS: 9.2 (6.0)  ,  Loss/total: 5.26984  ,  IoU: 0.75055
[train: 1, 750 / 2000] FPS: 9.2 (8.1)  ,  Loss/total: 5.25903  ,  IoU: 0.75104
[train: 1, 800 / 2000] FPS: 9.2 (8.3)  ,  Loss/total: 5.25844  ,  IoU: 0.75075
[train: 1, 850 / 2000] FPS: 9.3 (10.1)  ,  Loss/total: 5.25794  ,  IoU: 0.75145
[train: 1, 900 / 2000] FPS: 9.3 (8.7)  ,  Loss/total: 5.26292  ,  IoU: 0.75038
[train: 1, 950 / 2000] FPS: 9.3 (7.7)  ,  Loss/total: 5.26717  ,  IoU: 0.74915
[train: 1, 1000 / 2000] FPS: 9.3 (9.2)  ,  Loss/total: 5.26661  ,  IoU: 0.74904
[train: 1, 1050 / 2000] FPS: 9.3 (11.1)  ,  Loss/total: 5.27047  ,  IoU: 0.74957
[train: 1, 1100 / 2000] FPS: 9.3 (10.5)  ,  Loss/total: 5.27219  ,  IoU: 0.74931
[train: 1, 1150 / 2000] FPS: 9.3 (8.8)  ,  Loss/total: 5.27108  ,  IoU: 0.74958
[train: 1, 1200 / 2000] FPS: 9.3 (9.4)  ,  Loss/total: 5.27050  ,  IoU: 0.75041
[train: 1, 1250 / 2000] FPS: 9.3 (11.4)  ,  Loss/total: 5.26662  ,  IoU: 0.75087
[train: 1, 1300 / 2000] FPS: 9.3 (7.9)  ,  Loss/total: 5.26100  ,  IoU: 0.75158
[train: 1, 1350 / 2000] FPS: 9.4 (11.3)  ,  Loss/total: 5.25903  ,  IoU: 0.75128
[train: 1, 1400 / 2000] FPS: 9.4 (9.0)  ,  Loss/total: 5.26030  ,  IoU: 0.74979
[train: 1, 1450 / 2000] FPS: 9.4 (9.2)  ,  Loss/total: 5.25404  ,  IoU: 0.74940
[train: 1, 1500 / 2000] FPS: 9.4 (11.1)  ,  Loss/total: 5.25769  ,  IoU: 0.74863
[train: 1, 1550 / 2000] FPS: 9.4 (8.9)  ,  Loss/total: 5.26091  ,  IoU: 0.74830
[train: 1, 1600 / 2000] FPS: 9.4 (8.7)  ,  Loss/total: 5.25776  ,  IoU: 0.74909
[train: 1, 1650 / 2000] FPS: 9.4 (10.3)  ,  Loss/total: 5.25995  ,  IoU: 0.74927
[train: 1, 1700 / 2000] FPS: 9.4 (8.9)  ,  Loss/total: 5.25324  ,  IoU: 0.74995
[train: 1, 1750 / 2000] FPS: 9.4 (9.4)  ,  Loss/total: 5.24961  ,  IoU: 0.75117
[train: 1, 1800 / 2000] FPS: 9.4 (9.5)  ,  Loss/total: 5.25100  ,  IoU: 0.75047
[train: 1, 1850 / 2000] FPS: 9.4 (9.1)  ,  Loss/total: 5.25252  ,  IoU: 0.75039
[train: 1, 1900 / 2000] FPS: 9.4 (9.7)  ,  Loss/total: 5.25228  ,  IoU: 0.75054
[train: 1, 1950 / 2000] FPS: 9.4 (11.7)  ,  Loss/total: 5.25036  ,  IoU: 0.75081
[train: 1, 2000 / 2000] FPS: 9.4 (13.1)  ,  Loss/total: 5.25018  ,  IoU: 0.75121
[train: 2, 50 / 2000] FPS: 7.2 (6.8)  ,  Loss/total: 5.06581  ,  IoU: 0.76173
[train: 2, 100 / 2000] FPS: 8.2 (9.4)  ,  Loss/total: 5.23977  ,  IoU: 0.76342
[train: 2, 150 / 2000] FPS: 8.5 (10.7)  ,  Loss/total: 5.25847  ,  IoU: 0.76043
[train: 2, 200 / 2000] FPS: 8.7 (10.2)  ,  Loss/total: 5.27086  ,  IoU: 0.75998
[train: 2, 250 / 2000] FPS: 8.9 (11.2)  ,  Loss/total: 5.24824  ,  IoU: 0.76264
[train: 2, 300 / 2000] FPS: 8.9 (10.5)  ,  Loss/total: 5.21486  ,  IoU: 0.76624
[train: 2, 350 / 2000] FPS: 9.0 (8.9)  ,  Loss/total: 5.19856  ,  IoU: 0.76840
[train: 2, 400 / 2000] FPS: 9.0 (12.1)  ,  Loss/total: 5.17064  ,  IoU: 0.77041
[train: 2, 450 / 2000] FPS: 9.0 (11.3)  ,  Loss/total: 5.17282  ,  IoU: 0.77010
[train: 2, 500 / 2000] FPS: 9.1 (10.2)  ,  Loss/total: 5.19070  ,  IoU: 0.76830
[train: 2, 550 / 2000] FPS: 9.1 (6.8)  ,  Loss/total: 5.18697  ,  IoU: 0.76940
[train: 2, 600 / 2000] FPS: 9.1 (9.0)  ,  Loss/total: 5.16638  ,  IoU: 0.77251
[train: 2, 650 / 2000] FPS: 9.1 (12.5)  ,  Loss/total: 5.15986  ,  IoU: 0.77317
[train: 2, 700 / 2000] FPS: 9.1 (8.6)  ,  Loss/total: 5.16273  ,  IoU: 0.77064
[train: 2, 750 / 2000] FPS: 9.1 (12.0)  ,  Loss/total: 5.16689  ,  IoU: 0.77083
[train: 2, 800 / 2000] FPS: 9.1 (9.7)  ,  Loss/total: 5.16235  ,  IoU: 0.76994
[train: 2, 850 / 2000] FPS: 9.1 (9.3)  ,  Loss/total: 5.16338  ,  IoU: 0.76735
[train: 2, 900 / 2000] FPS: 9.1 (8.5)  ,  Loss/total: 5.16481  ,  IoU: 0.76578
[train: 2, 950 / 2000] FPS: 9.1 (9.6)  ,  Loss/total: 5.16428  ,  IoU: 0.76651
[train: 2, 1000 / 2000] FPS: 9.1 (11.4)  ,  Loss/total: 5.15176  ,  IoU: 0.76765
[train: 2, 1050 / 2000] FPS: 9.2 (10.4)  ,  Loss/total: 5.14255  ,  IoU: 0.76859
[train: 2, 1100 / 2000] FPS: 9.2 (8.4)  ,  Loss/total: 5.13747  ,  IoU: 0.76856
[train: 2, 1150 / 2000] FPS: 9.2 (8.7)  ,  Loss/total: 5.14816  ,  IoU: 0.76564
[train: 2, 1200 / 2000] FPS: 9.2 (8.0)  ,  Loss/total: 5.14133  ,  IoU: 0.76620
[train: 2, 1250 / 2000] FPS: 9.2 (9.6)  ,  Loss/total: 5.13537  ,  IoU: 0.76668
[train: 2, 1300 / 2000] FPS: 9.2 (9.3)  ,  Loss/total: 5.13359  ,  IoU: 0.76721
[train: 2, 1350 / 2000] FPS: 9.2 (9.3)  ,  Loss/total: 5.13252  ,  IoU: 0.76765
[train: 2, 1400 / 2000] FPS: 9.2 (9.2)  ,  Loss/total: 5.13407  ,  IoU: 0.76736
[train: 2, 1450 / 2000] FPS: 9.2 (6.9)  ,  Loss/total: 5.11799  ,  IoU: 0.76968
[train: 2, 1500 / 2000] FPS: 9.2 (11.1)  ,  Loss/total: 5.12600  ,  IoU: 0.76770
[train: 2, 1550 / 2000] FPS: 9.2 (10.0)  ,  Loss/total: 5.12916  ,  IoU: 0.76693
[train: 2, 1600 / 2000] FPS: 9.2 (11.4)  ,  Loss/total: 5.12471  ,  IoU: 0.76758
[train: 2, 1650 / 2000] FPS: 9.2 (9.2)  ,  Loss/total: 5.12159  ,  IoU: 0.76763
[train: 2, 1700 / 2000] FPS: 9.2 (10.6)  ,  Loss/total: 5.11882  ,  IoU: 0.76811
[train: 2, 1750 / 2000] FPS: 9.2 (9.5)  ,  Loss/total: 5.11875  ,  IoU: 0.76789
[train: 2, 1800 / 2000] FPS: 9.2 (10.6)  ,  Loss/total: 5.11414  ,  IoU: 0.76878
[train: 2, 1850 / 2000] FPS: 9.2 (8.7)  ,  Loss/total: 5.11101  ,  IoU: 0.76932
[train: 2, 1900 / 2000] FPS: 9.2 (10.0)  ,  Loss/total: 5.10726  ,  IoU: 0.76974
[train: 2, 1950 / 2000] FPS: 9.2 (8.7)  ,  Loss/total: 5.10575  ,  IoU: 0.77035
[train: 2, 2000 / 2000] FPS: 9.2 (13.6)  ,  Loss/total: 5.10664  ,  IoU: 0.77064
[train: 3, 50 / 2000] FPS: 7.0 (8.8)  ,  Loss/total: 5.21099  ,  IoU: 0.74386
[train: 3, 100 / 2000] FPS: 8.0 (10.3)  ,  Loss/total: 5.07689  ,  IoU: 0.77344
[train: 3, 150 / 2000] FPS: 8.4 (8.9)  ,  Loss/total: 5.08340  ,  IoU: 0.78188
[train: 3, 200 / 2000] FPS: 8.5 (6.8)  ,  Loss/total: 5.08616  ,  IoU: 0.77900
[train: 3, 250 / 2000] FPS: 8.6 (11.1)  ,  Loss/total: 5.05203  ,  IoU: 0.78064
[train: 3, 300 / 2000] FPS: 8.7 (9.9)  ,  Loss/total: 5.03831  ,  IoU: 0.77677
[train: 3, 350 / 2000] FPS: 8.8 (10.7)  ,  Loss/total: 5.04546  ,  IoU: 0.77763
[train: 3, 400 / 2000] FPS: 8.9 (9.2)  ,  Loss/total: 5.05488  ,  IoU: 0.78017
[train: 3, 450 / 2000] FPS: 8.9 (9.2)  ,  Loss/total: 5.07590  ,  IoU: 0.77714
[train: 3, 500 / 2000] FPS: 8.9 (11.4)  ,  Loss/total: 5.08573  ,  IoU: 0.77404
[train: 3, 550 / 2000] FPS: 8.9 (9.6)  ,  Loss/total: 5.06940  ,  IoU: 0.77353
[train: 3, 600 / 2000] FPS: 9.0 (7.9)  ,  Loss/total: 5.05359  ,  IoU: 0.77637
[train: 3, 650 / 2000] FPS: 9.0 (11.7)  ,  Loss/total: 5.05296  ,  IoU: 0.77727
[train: 3, 700 / 2000] FPS: 9.0 (10.4)  ,  Loss/total: 5.04699  ,  IoU: 0.77794
[train: 3, 750 / 2000] FPS: 9.0 (11.1)  ,  Loss/total: 5.05419  ,  IoU: 0.77725
[train: 3, 800 / 2000] FPS: 9.0 (10.1)  ,  Loss/total: 5.05029  ,  IoU: 0.77949
[train: 3, 850 / 2000] FPS: 9.0 (11.8)  ,  Loss/total: 5.04363  ,  IoU: 0.77995
[train: 3, 900 / 2000] FPS: 9.0 (10.8)  ,  Loss/total: 5.03978  ,  IoU: 0.78073
[train: 3, 950 / 2000] FPS: 9.0 (10.0)  ,  Loss/total: 5.03509  ,  IoU: 0.78180
[train: 3, 1000 / 2000] FPS: 9.0 (7.9)  ,  Loss/total: 5.02495  ,  IoU: 0.78280
[train: 3, 1050 / 2000] FPS: 9.0 (8.9)  ,  Loss/total: 5.02252  ,  IoU: 0.78195
[train: 3, 1100 / 2000] FPS: 9.0 (10.0)  ,  Loss/total: 5.02554  ,  IoU: 0.78196
[train: 3, 1150 / 2000] FPS: 9.1 (8.6)  ,  Loss/total: 5.02588  ,  IoU: 0.78226
[train: 3, 1200 / 2000] FPS: 9.1 (10.2)  ,  Loss/total: 5.02346  ,  IoU: 0.78275
[train: 3, 1250 / 2000] FPS: 9.1 (8.4)  ,  Loss/total: 5.02291  ,  IoU: 0.78284
[train: 3, 1300 / 2000] FPS: 9.1 (11.3)  ,  Loss/total: 5.02995  ,  IoU: 0.78213
[train: 3, 1350 / 2000] FPS: 9.1 (9.3)  ,  Loss/total: 5.02920  ,  IoU: 0.78214
[train: 3, 1400 / 2000] FPS: 9.1 (6.8)  ,  Loss/total: 5.03139  ,  IoU: 0.78202
[train: 3, 1450 / 2000] FPS: 9.1 (9.0)  ,  Loss/total: 5.03772  ,  IoU: 0.78123
[train: 3, 1500 / 2000] FPS: 9.1 (10.7)  ,  Loss/total: 5.03239  ,  IoU: 0.78194
[train: 3, 1550 / 2000] FPS: 9.1 (9.5)  ,  Loss/total: 5.03202  ,  IoU: 0.78187
[train: 3, 1600 / 2000] FPS: 9.1 (9.2)  ,  Loss/total: 5.03366  ,  IoU: 0.78177
[train: 3, 1650 / 2000] FPS: 9.1 (9.3)  ,  Loss/total: 5.03051  ,  IoU: 0.78173
[train: 3, 1700 / 2000] FPS: 9.1 (11.9)  ,  Loss/total: 5.02409  ,  IoU: 0.78225
[train: 3, 1750 / 2000] FPS: 9.1 (10.1)  ,  Loss/total: 5.01918  ,  IoU: 0.78290
[train: 3, 1800 / 2000] FPS: 9.1 (9.8)  ,  Loss/total: 5.01527  ,  IoU: 0.78402
[train: 3, 1850 / 2000] FPS: 9.1 (6.3)  ,  Loss/total: 5.01101  ,  IoU: 0.78448
[train: 3, 1900 / 2000] FPS: 9.1 (8.3)  ,  Loss/total: 5.01036  ,  IoU: 0.78483
[train: 3, 1950 / 2000] FPS: 9.1 (8.8)  ,  Loss/total: 5.00936  ,  IoU: 0.78518
[train: 3, 2000 / 2000] FPS: 9.1 (12.9)  ,  Loss/total: 5.00575  ,  IoU: 0.78561
[train: 4, 50 / 2000] FPS: 7.0 (10.9)  ,  Loss/total: 5.03523  ,  IoU: 0.76021
[train: 4, 100 / 2000] FPS: 7.9 (7.6)  ,  Loss/total: 4.89502  ,  IoU: 0.78462
[train: 4, 150 / 2000] FPS: 8.2 (10.0)  ,  Loss/total: 4.93742  ,  IoU: 0.77779
[train: 4, 200 / 2000] FPS: 8.5 (11.2)  ,  Loss/total: 4.95255  ,  IoU: 0.78013
[train: 4, 250 / 2000] FPS: 8.6 (8.6)  ,  Loss/total: 4.96771  ,  IoU: 0.77934
[train: 4, 300 / 2000] FPS: 8.7 (7.4)  ,  Loss/total: 5.00445  ,  IoU: 0.78039
[train: 4, 350 / 2000] FPS: 8.7 (10.1)  ,  Loss/total: 5.01364  ,  IoU: 0.78083
[train: 4, 400 / 2000] FPS: 8.8 (8.9)  ,  Loss/total: 5.00226  ,  IoU: 0.78196
[train: 4, 450 / 2000] FPS: 8.8 (10.3)  ,  Loss/total: 4.99098  ,  IoU: 0.78476
[train: 4, 500 / 2000] FPS: 8.9 (8.9)  ,  Loss/total: 4.98985  ,  IoU: 0.78458
[train: 4, 550 / 2000] FPS: 8.9 (9.4)  ,  Loss/total: 4.98638  ,  IoU: 0.78599
[train: 4, 600 / 2000] FPS: 8.9 (10.0)  ,  Loss/total: 4.99009  ,  IoU: 0.78586
[train: 4, 650 / 2000] FPS: 8.9 (9.1)  ,  Loss/total: 4.97658  ,  IoU: 0.78763
[train: 4, 700 / 2000] FPS: 8.9 (10.6)  ,  Loss/total: 4.97446  ,  IoU: 0.78737
[train: 4, 750 / 2000] FPS: 8.9 (7.3)  ,  Loss/total: 4.97908  ,  IoU: 0.78515
[train: 4, 800 / 2000] FPS: 8.9 (7.7)  ,  Loss/total: 4.99052  ,  IoU: 0.78406
[train: 4, 850 / 2000] FPS: 9.0 (9.7)  ,  Loss/total: 4.98910  ,  IoU: 0.78477
[train: 4, 900 / 2000] FPS: 9.0 (7.7)  ,  Loss/total: 4.99050  ,  IoU: 0.78529
[train: 4, 950 / 2000] FPS: 9.0 (8.4)  ,  Loss/total: 5.00236  ,  IoU: 0.78303
[train: 4, 1000 / 2000] FPS: 9.0 (11.4)  ,  Loss/total: 4.99420  ,  IoU: 0.78378
[train: 4, 1050 / 2000] FPS: 9.0 (9.0)  ,  Loss/total: 4.99257  ,  IoU: 0.78471
[train: 4, 1100 / 2000] FPS: 9.0 (10.4)  ,  Loss/total: 4.99282  ,  IoU: 0.78398
[train: 4, 1150 / 2000] FPS: 9.0 (8.4)  ,  Loss/total: 4.98976  ,  IoU: 0.78481
[train: 4, 1200 / 2000] FPS: 9.0 (10.6)  ,  Loss/total: 4.98485  ,  IoU: 0.78474
[train: 4, 1250 / 2000] FPS: 9.0 (5.6)  ,  Loss/total: 4.98030  ,  IoU: 0.78505
[train: 4, 1300 / 2000] FPS: 9.0 (9.0)  ,  Loss/total: 4.98389  ,  IoU: 0.78519
[train: 4, 1350 / 2000] FPS: 9.0 (8.1)  ,  Loss/total: 4.97528  ,  IoU: 0.78644
[train: 4, 1400 / 2000] FPS: 9.0 (11.7)  ,  Loss/total: 4.97440  ,  IoU: 0.78639
[train: 4, 1450 / 2000] FPS: 9.0 (7.9)  ,  Loss/total: 4.97477  ,  IoU: 0.78621
[train: 4, 1500 / 2000] FPS: 9.0 (7.8)  ,  Loss/total: 4.97826  ,  IoU: 0.78686
[train: 4, 1550 / 2000] FPS: 9.0 (7.7)  ,  Loss/total: 4.98008  ,  IoU: 0.78620
[train: 4, 1600 / 2000] FPS: 9.0 (10.8)  ,  Loss/total: 4.97737  ,  IoU: 0.78596
[train: 4, 1650 / 2000] FPS: 9.0 (9.0)  ,  Loss/total: 4.97520  ,  IoU: 0.78715
[train: 4, 1700 / 2000] FPS: 9.0 (10.6)  ,  Loss/total: 4.96776  ,  IoU: 0.78755
[train: 4, 1750 / 2000] FPS: 9.0 (9.4)  ,  Loss/total: 4.96513  ,  IoU: 0.78789
[train: 4, 1800 / 2000] FPS: 9.0 (10.1)  ,  Loss/total: 4.96541  ,  IoU: 0.78782
[train: 4, 1850 / 2000] FPS: 9.0 (10.8)  ,  Loss/total: 4.96625  ,  IoU: 0.78790
[train: 4, 1900 / 2000] FPS: 9.0 (11.7)  ,  Loss/total: 4.96820  ,  IoU: 0.78752
[train: 4, 1950 / 2000] FPS: 9.0 (8.2)  ,  Loss/total: 4.96917  ,  IoU: 0.78754
[train: 4, 2000 / 2000] FPS: 9.1 (12.7)  ,  Loss/total: 4.96832  ,  IoU: 0.78799
[train: 5, 50 / 2000] FPS: 7.0 (7.5)  ,  Loss/total: 4.99740  ,  IoU: 0.77707
[train: 5, 100 / 2000] FPS: 8.0 (10.5)  ,  Loss/total: 4.90791  ,  IoU: 0.80103
[train: 5, 150 / 2000] FPS: 8.3 (11.5)  ,  Loss/total: 4.97396  ,  IoU: 0.78804
[train: 5, 200 / 2000] FPS: 8.5 (6.8)  ,  Loss/total: 4.98810  ,  IoU: 0.78867
[train: 5, 250 / 2000] FPS: 8.6 (10.0)  ,  Loss/total: 4.94291  ,  IoU: 0.79273
[train: 5, 300 / 2000] FPS: 8.7 (8.3)  ,  Loss/total: 4.93659  ,  IoU: 0.79418
[train: 5, 350 / 2000] FPS: 8.8 (7.7)  ,  Loss/total: 4.95771  ,  IoU: 0.79100
[train: 5, 400 / 2000] FPS: 8.8 (9.4)  ,  Loss/total: 4.95292  ,  IoU: 0.79219
[train: 5, 450 / 2000] FPS: 8.8 (7.9)  ,  Loss/total: 4.97395  ,  IoU: 0.79003
[train: 5, 500 / 2000] FPS: 8.8 (11.6)  ,  Loss/total: 4.95033  ,  IoU: 0.79475
[train: 5, 550 / 2000] FPS: 8.9 (11.1)  ,  Loss/total: 4.95359  ,  IoU: 0.79480
[train: 5, 600 / 2000] FPS: 8.9 (8.9)  ,  Loss/total: 4.95014  ,  IoU: 0.79692
[train: 5, 650 / 2000] FPS: 8.9 (8.8)  ,  Loss/total: 4.95397  ,  IoU: 0.79713
[train: 5, 700 / 2000] FPS: 8.9 (8.2)  ,  Loss/total: 4.94377  ,  IoU: 0.79831
[train: 5, 750 / 2000] FPS: 8.9 (12.0)  ,  Loss/total: 4.93733  ,  IoU: 0.79981
[train: 5, 800 / 2000] FPS: 8.9 (10.9)  ,  Loss/total: 4.93295  ,  IoU: 0.79992
[train: 5, 850 / 2000] FPS: 8.9 (9.1)  ,  Loss/total: 4.93264  ,  IoU: 0.79896
[train: 5, 900 / 2000] FPS: 8.9 (5.5)  ,  Loss/total: 4.93264  ,  IoU: 0.79888
[train: 5, 950 / 2000] FPS: 9.0 (10.8)  ,  Loss/total: 4.93933  ,  IoU: 0.79807
[train: 5, 1000 / 2000] FPS: 9.0 (10.4)  ,  Loss/total: 4.93961  ,  IoU: 0.79807
[train: 5, 1050 / 2000] FPS: 9.0 (8.6)  ,  Loss/total: 4.94099  ,  IoU: 0.79761
[train: 5, 1100 / 2000] FPS: 9.0 (10.3)  ,  Loss/total: 4.94162  ,  IoU: 0.79720
[train: 5, 1150 / 2000] FPS: 9.0 (8.2)  ,  Loss/total: 4.93978  ,  IoU: 0.79677
[train: 5, 1200 / 2000] FPS: 9.0 (9.9)  ,  Loss/total: 4.93778  ,  IoU: 0.79680
[train: 5, 1250 / 2000] FPS: 9.0 (8.6)  ,  Loss/total: 4.93499  ,  IoU: 0.79775
[train: 5, 1300 / 2000] FPS: 9.0 (8.2)  ,  Loss/total: 4.93927  ,  IoU: 0.79684
[train: 5, 1350 / 2000] FPS: 9.0 (6.9)  ,  Loss/total: 4.94051  ,  IoU: 0.79707
[train: 5, 1400 / 2000] FPS: 9.0 (7.5)  ,  Loss/total: 4.93397  ,  IoU: 0.79834
[train: 5, 1450 / 2000] FPS: 9.0 (11.0)  ,  Loss/total: 4.93764  ,  IoU: 0.79725
[train: 5, 1500 / 2000] FPS: 9.0 (7.8)  ,  Loss/total: 4.94089  ,  IoU: 0.79668
[train: 5, 1550 / 2000] FPS: 9.0 (11.9)  ,  Loss/total: 4.93690  ,  IoU: 0.79778
[train: 5, 1600 / 2000] FPS: 9.0 (10.2)  ,  Loss/total: 4.93518  ,  IoU: 0.79795
[train: 5, 1650 / 2000] FPS: 9.0 (8.7)  ,  Loss/total: 4.93253  ,  IoU: 0.79910
[train: 5, 1700 / 2000] FPS: 9.0 (10.2)  ,  Loss/total: 4.93292  ,  IoU: 0.79950
[train: 5, 1750 / 2000] FPS: 9.0 (9.0)  ,  Loss/total: 4.93238  ,  IoU: 0.79922
[train: 5, 1800 / 2000] FPS: 9.0 (11.1)  ,  Loss/total: 4.93054  ,  IoU: 0.79962
[train: 5, 1850 / 2000] FPS: 9.0 (8.5)  ,  Loss/total: 4.92734  ,  IoU: 0.79991
[train: 5, 1900 / 2000] FPS: 9.0 (9.0)  ,  Loss/total: 4.92493  ,  IoU: 0.80021
[train: 5, 1950 / 2000] FPS: 9.0 (8.2)  ,  Loss/total: 4.92195  ,  IoU: 0.80026
[train: 5, 2000 / 2000] FPS: 9.0 (13.3)  ,  Loss/total: 4.92335  ,  IoU: 0.79970
[train: 6, 50 / 2000] FPS: 7.0 (9.3)  ,  Loss/total: 4.87437  ,  IoU: 0.79773
[train: 6, 100 / 2000] FPS: 7.9 (8.1)  ,  Loss/total: 4.88892  ,  IoU: 0.80820
[train: 6, 150 / 2000] FPS: 8.3 (7.6)  ,  Loss/total: 4.89677  ,  IoU: 0.80960
[train: 6, 200 / 2000] FPS: 8.5 (10.1)  ,  Loss/total: 4.87784  ,  IoU: 0.80672
[train: 6, 250 / 2000] FPS: 8.6 (7.5)  ,  Loss/total: 4.88309  ,  IoU: 0.80355
[train: 6, 300 / 2000] FPS: 8.7 (8.8)  ,  Loss/total: 4.88555  ,  IoU: 0.80603
[train: 6, 350 / 2000] FPS: 8.7 (10.1)  ,  Loss/total: 4.88746  ,  IoU: 0.80316
[train: 6, 400 / 2000] FPS: 8.7 (7.8)  ,  Loss/total: 4.86893  ,  IoU: 0.80579
[train: 6, 450 / 2000] FPS: 8.8 (8.9)  ,  Loss/total: 4.84564  ,  IoU: 0.80849
[train: 6, 500 / 2000] FPS: 8.8 (10.8)  ,  Loss/total: 4.85964  ,  IoU: 0.80666
[train: 6, 550 / 2000] FPS: 8.8 (7.7)  ,  Loss/total: 4.86885  ,  IoU: 0.80669
[train: 6, 600 / 2000] FPS: 8.8 (9.1)  ,  Loss/total: 4.87445  ,  IoU: 0.80496
[train: 6, 650 / 2000] FPS: 8.9 (7.1)  ,  Loss/total: 4.86267  ,  IoU: 0.80633
[train: 6, 700 / 2000] FPS: 8.9 (7.9)  ,  Loss/total: 4.87619  ,  IoU: 0.80388
[train: 6, 750 / 2000] FPS: 8.9 (7.2)  ,  Loss/total: 4.87343  ,  IoU: 0.80465
[train: 6, 800 / 2000] FPS: 8.9 (9.3)  ,  Loss/total: 4.87308  ,  IoU: 0.80479
[train: 6, 850 / 2000] FPS: 8.9 (9.5)  ,  Loss/total: 4.87821  ,  IoU: 0.80212
[train: 6, 900 / 2000] FPS: 8.9 (9.8)  ,  Loss/total: 4.87843  ,  IoU: 0.80151
[train: 6, 950 / 2000] FPS: 8.9 (10.6)  ,  Loss/total: 4.87611  ,  IoU: 0.80263
[train: 6, 1000 / 2000] FPS: 8.9 (9.7)  ,  Loss/total: 4.89034  ,  IoU: 0.80037
[train: 6, 1050 / 2000] FPS: 8.9 (7.6)  ,  Loss/total: 4.88324  ,  IoU: 0.80153
[train: 6, 1100 / 2000] FPS: 8.9 (8.9)  ,  Loss/total: 4.89160  ,  IoU: 0.79959
[train: 6, 1150 / 2000] FPS: 9.0 (9.2)  ,  Loss/total: 4.89359  ,  IoU: 0.79849
[train: 6, 1200 / 2000] FPS: 9.0 (6.6)  ,  Loss/total: 4.89311  ,  IoU: 0.79845
[train: 6, 1250 / 2000] FPS: 9.0 (8.5)  ,  Loss/total: 4.89372  ,  IoU: 0.79834
[train: 6, 1300 / 2000] FPS: 9.0 (7.5)  ,  Loss/total: 4.89577  ,  IoU: 0.79824
[train: 6, 1350 / 2000] FPS: 9.0 (10.3)  ,  Loss/total: 4.89247  ,  IoU: 0.79873
[train: 6, 1400 / 2000] FPS: 9.0 (6.8)  ,  Loss/total: 4.89954  ,  IoU: 0.79881
[train: 6, 1450 / 2000] FPS: 9.0 (12.0)  ,  Loss/total: 4.89842  ,  IoU: 0.79984
[train: 6, 1500 / 2000] FPS: 9.0 (9.3)  ,  Loss/total: 4.89628  ,  IoU: 0.80014
[train: 6, 1550 / 2000] FPS: 9.0 (8.8)  ,  Loss/total: 4.90108  ,  IoU: 0.80038
[train: 6, 1600 / 2000] FPS: 9.0 (11.4)  ,  Loss/total: 4.89589  ,  IoU: 0.80150
[train: 6, 1650 / 2000] FPS: 9.0 (8.3)  ,  Loss/total: 4.89840  ,  IoU: 0.80046
[train: 6, 1700 / 2000] FPS: 9.0 (9.3)  ,  Loss/total: 4.89820  ,  IoU: 0.80060
[train: 6, 1750 / 2000] FPS: 9.0 (10.7)  ,  Loss/total: 4.89789  ,  IoU: 0.80076
[train: 6, 1800 / 2000] FPS: 9.0 (10.4)  ,  Loss/total: 4.89154  ,  IoU: 0.80137
[train: 6, 1850 / 2000] FPS: 9.0 (8.5)  ,  Loss/total: 4.89544  ,  IoU: 0.80085
[train: 6, 1900 / 2000] FPS: 9.0 (7.5)  ,  Loss/total: 4.89594  ,  IoU: 0.80051
[train: 6, 1950 / 2000] FPS: 9.0 (9.7)  ,  Loss/total: 4.89453  ,  IoU: 0.80073
[train: 6, 2000 / 2000] FPS: 9.0 (13.1)  ,  Loss/total: 4.89141  ,  IoU: 0.80138
[train: 7, 50 / 2000] FPS: 8.5 (10.2)  ,  Loss/total: 5.00254  ,  IoU: 0.76826
[train: 7, 100 / 2000] FPS: 8.8 (9.4)  ,  Loss/total: 4.88797  ,  IoU: 0.79601
[train: 7, 150 / 2000] FPS: 8.9 (8.1)  ,  Loss/total: 4.89755  ,  IoU: 0.79358
[train: 7, 200 / 2000] FPS: 8.9 (7.7)  ,  Loss/total: 4.90657  ,  IoU: 0.79655
[train: 7, 250 / 2000] FPS: 9.0 (8.3)  ,  Loss/total: 4.90041  ,  IoU: 0.79941
[train: 7, 300 / 2000] FPS: 9.0 (11.3)  ,  Loss/total: 4.90580  ,  IoU: 0.79809
[train: 7, 350 / 2000] FPS: 9.0 (9.5)  ,  Loss/total: 4.93684  ,  IoU: 0.79526
[train: 7, 400 / 2000] FPS: 9.0 (9.6)  ,  Loss/total: 4.95737  ,  IoU: 0.79309
[train: 7, 450 / 2000] FPS: 9.0 (8.9)  ,  Loss/total: 4.93448  ,  IoU: 0.79784
[train: 7, 500 / 2000] FPS: 9.0 (9.9)  ,  Loss/total: 4.93976  ,  IoU: 0.79820
[train: 7, 550 / 2000] FPS: 9.0 (9.4)  ,  Loss/total: 4.92802  ,  IoU: 0.80134
[train: 7, 600 / 2000] FPS: 9.0 (7.5)  ,  Loss/total: 4.90263  ,  IoU: 0.80472
[train: 7, 650 / 2000] FPS: 9.1 (11.7)  ,  Loss/total: 4.90413  ,  IoU: 0.80366
[train: 7, 700 / 2000] FPS: 9.1 (11.8)  ,  Loss/total: 4.91459  ,  IoU: 0.80161
[train: 7, 750 / 2000] FPS: 9.1 (9.1)  ,  Loss/total: 4.90010  ,  IoU: 0.80345
[train: 7, 800 / 2000] FPS: 9.1 (10.0)  ,  Loss/total: 4.89781  ,  IoU: 0.80343
[train: 7, 850 / 2000] FPS: 9.1 (10.1)  ,  Loss/total: 4.89449  ,  IoU: 0.80369
[train: 7, 900 / 2000] FPS: 9.1 (11.0)  ,  Loss/total: 4.89373  ,  IoU: 0.80511
[train: 7, 950 / 2000] FPS: 9.1 (11.5)  ,  Loss/total: 4.89804  ,  IoU: 0.80388
[train: 7, 1000 / 2000] FPS: 9.1 (9.9)  ,  Loss/total: 4.90643  ,  IoU: 0.80325
[train: 7, 1050 / 2000] FPS: 9.1 (8.3)  ,  Loss/total: 4.90928  ,  IoU: 0.80345
[train: 7, 1100 / 2000] FPS: 9.1 (9.5)  ,  Loss/total: 4.90542  ,  IoU: 0.80483
[train: 7, 1150 / 2000] FPS: 9.1 (9.4)  ,  Loss/total: 4.89733  ,  IoU: 0.80619
[train: 7, 1200 / 2000] FPS: 9.1 (9.0)  ,  Loss/total: 4.88985  ,  IoU: 0.80788
[train: 7, 1250 / 2000] FPS: 9.1 (8.5)  ,  Loss/total: 4.87848  ,  IoU: 0.80895
[train: 7, 1300 / 2000] FPS: 9.1 (6.3)  ,  Loss/total: 4.87367  ,  IoU: 0.81009
[train: 7, 1350 / 2000] FPS: 9.1 (9.2)  ,  Loss/total: 4.86743  ,  IoU: 0.81107
[train: 7, 1400 / 2000] FPS: 9.1 (9.1)  ,  Loss/total: 4.86600  ,  IoU: 0.81173
[train: 7, 1450 / 2000] FPS: 9.1 (8.0)  ,  Loss/total: 4.86894  ,  IoU: 0.81093
[train: 7, 1500 / 2000] FPS: 9.1 (12.1)  ,  Loss/total: 4.86241  ,  IoU: 0.81096
[train: 7, 1550 / 2000] FPS: 9.1 (7.5)  ,  Loss/total: 4.86478  ,  IoU: 0.81048
[train: 7, 1600 / 2000] FPS: 9.1 (11.1)  ,  Loss/total: 4.86590  ,  IoU: 0.81035
[train: 7, 1650 / 2000] FPS: 9.1 (9.3)  ,  Loss/total: 4.86852  ,  IoU: 0.80995
[train: 7, 1700 / 2000] FPS: 9.1 (10.4)  ,  Loss/total: 4.86929  ,  IoU: 0.80979
[train: 7, 1750 / 2000] FPS: 9.1 (10.8)  ,  Loss/total: 4.86949  ,  IoU: 0.81051
[train: 7, 1800 / 2000] FPS: 9.1 (11.2)  ,  Loss/total: 4.86454  ,  IoU: 0.81100
[train: 7, 1850 / 2000] FPS: 9.1 (7.4)  ,  Loss/total: 4.86602  ,  IoU: 0.81124
[train: 7, 1900 / 2000] FPS: 9.1 (10.3)  ,  Loss/total: 4.86491  ,  IoU: 0.81092
[train: 7, 1950 / 2000] FPS: 9.1 (9.6)  ,  Loss/total: 4.86482  ,  IoU: 0.81076
[train: 7, 2000 / 2000] FPS: 9.1 (13.1)  ,  Loss/total: 4.85858  ,  IoU: 0.81127
[train: 8, 50 / 2000] FPS: 8.5 (10.7)  ,  Loss/total: 4.81234  ,  IoU: 0.80944
[train: 8, 100 / 2000] FPS: 8.8 (10.0)  ,  Loss/total: 4.85024  ,  IoU: 0.80079
[train: 8, 150 / 2000] FPS: 8.9 (9.8)  ,  Loss/total: 4.85459  ,  IoU: 0.80286
[train: 8, 200 / 2000] FPS: 9.0 (8.6)  ,  Loss/total: 4.84343  ,  IoU: 0.80941
[train: 8, 250 / 2000] FPS: 9.0 (9.3)  ,  Loss/total: 4.85831  ,  IoU: 0.80763
[train: 8, 300 / 2000] FPS: 9.0 (9.9)  ,  Loss/total: 4.88069  ,  IoU: 0.80465
[train: 8, 350 / 2000] FPS: 9.0 (8.6)  ,  Loss/total: 4.88304  ,  IoU: 0.80419
[train: 8, 400 / 2000] FPS: 9.0 (8.8)  ,  Loss/total: 4.86677  ,  IoU: 0.80604
[train: 8, 450 / 2000] FPS: 9.0 (9.4)  ,  Loss/total: 4.85420  ,  IoU: 0.80710
[train: 8, 500 / 2000] FPS: 9.0 (9.8)  ,  Loss/total: 4.83965  ,  IoU: 0.80758
[train: 8, 550 / 2000] FPS: 9.1 (10.1)  ,  Loss/total: 4.86709  ,  IoU: 0.80631
[train: 8, 600 / 2000] FPS: 9.1 (9.5)  ,  Loss/total: 4.85451  ,  IoU: 0.80904
[train: 8, 650 / 2000] FPS: 9.1 (8.5)  ,  Loss/total: 4.85802  ,  IoU: 0.80751
[train: 8, 700 / 2000] FPS: 9.1 (11.0)  ,  Loss/total: 4.85225  ,  IoU: 0.80776
[train: 8, 750 / 2000] FPS: 9.1 (8.6)  ,  Loss/total: 4.84008  ,  IoU: 0.80848
[train: 8, 800 / 2000] FPS: 9.1 (7.6)  ,  Loss/total: 4.85084  ,  IoU: 0.80884
[train: 8, 850 / 2000] FPS: 9.1 (8.2)  ,  Loss/total: 4.85686  ,  IoU: 0.80849
[train: 8, 900 / 2000] FPS: 9.1 (6.5)  ,  Loss/total: 4.86333  ,  IoU: 0.80795
[train: 8, 950 / 2000] FPS: 9.1 (10.5)  ,  Loss/total: 4.86176  ,  IoU: 0.80836
[train: 8, 1000 / 2000] FPS: 9.1 (9.8)  ,  Loss/total: 4.85674  ,  IoU: 0.80918
[train: 8, 1050 / 2000] FPS: 9.1 (8.9)  ,  Loss/total: 4.86027  ,  IoU: 0.80914
[train: 8, 1100 / 2000] FPS: 9.1 (7.8)  ,  Loss/total: 4.86019  ,  IoU: 0.80804
[train: 8, 1150 / 2000] FPS: 9.1 (8.3)  ,  Loss/total: 4.85597  ,  IoU: 0.80875
[train: 8, 1200 / 2000] FPS: 9.1 (7.9)  ,  Loss/total: 4.86205  ,  IoU: 0.80899
[train: 8, 1250 / 2000] FPS: 9.1 (10.1)  ,  Loss/total: 4.86113  ,  IoU: 0.80993
[train: 8, 1300 / 2000] FPS: 9.1 (10.2)  ,  Loss/total: 4.85786  ,  IoU: 0.81067
[train: 8, 1350 / 2000] FPS: 9.1 (8.7)  ,  Loss/total: 4.85082  ,  IoU: 0.81155
[train: 8, 1400 / 2000] FPS: 9.1 (7.8)  ,  Loss/total: 4.84814  ,  IoU: 0.81113
[train: 8, 1450 / 2000] FPS: 9.1 (10.4)  ,  Loss/total: 4.84178  ,  IoU: 0.81140
[train: 8, 1500 / 2000] FPS: 9.1 (8.0)  ,  Loss/total: 4.84810  ,  IoU: 0.81126
[train: 8, 1550 / 2000] FPS: 9.1 (10.6)  ,  Loss/total: 4.85187  ,  IoU: 0.81076
[train: 8, 1600 / 2000] FPS: 9.1 (6.8)  ,  Loss/total: 4.84954  ,  IoU: 0.81089
[train: 8, 1650 / 2000] FPS: 9.1 (8.5)  ,  Loss/total: 4.85092  ,  IoU: 0.81051
[train: 8, 1700 / 2000] FPS: 9.1 (10.2)  ,  Loss/total: 4.84386  ,  IoU: 0.81178
[train: 8, 1750 / 2000] FPS: 9.1 (11.8)  ,  Loss/total: 4.83774  ,  IoU: 0.81248
[train: 8, 1800 / 2000] FPS: 9.1 (8.6)  ,  Loss/total: 4.83949  ,  IoU: 0.81260
[train: 8, 1850 / 2000] FPS: 9.1 (9.6)  ,  Loss/total: 4.83915  ,  IoU: 0.81296
[train: 8, 1900 / 2000] FPS: 9.1 (9.0)  ,  Loss/total: 4.83741  ,  IoU: 0.81295
[train: 8, 1950 / 2000] FPS: 9.1 (9.4)  ,  Loss/total: 4.83610  ,  IoU: 0.81294
[train: 8, 2000 / 2000] FPS: 9.1 (13.1)  ,  Loss/total: 4.83666  ,  IoU: 0.81303
[train: 9, 50 / 2000] FPS: 8.5 (10.7)  ,  Loss/total: 4.85749  ,  IoU: 0.78439
[train: 9, 100 / 2000] FPS: 8.7 (8.0)  ,  Loss/total: 4.79691  ,  IoU: 0.80169
[train: 9, 150 / 2000] FPS: 8.9 (8.6)  ,  Loss/total: 4.79523  ,  IoU: 0.80594
[train: 9, 200 / 2000] FPS: 8.9 (9.8)  ,  Loss/total: 4.79604  ,  IoU: 0.81171
[train: 9, 250 / 2000] FPS: 8.9 (10.3)  ,  Loss/total: 4.76795  ,  IoU: 0.81313
[train: 9, 300 / 2000] FPS: 9.0 (9.8)  ,  Loss/total: 4.80122  ,  IoU: 0.81214
[train: 9, 350 / 2000] FPS: 9.0 (9.2)  ,  Loss/total: 4.81059  ,  IoU: 0.81325
[train: 9, 400 / 2000] FPS: 9.0 (11.7)  ,  Loss/total: 4.78722  ,  IoU: 0.81700
[train: 9, 450 / 2000] FPS: 9.0 (9.2)  ,  Loss/total: 4.78709  ,  IoU: 0.81620
[train: 9, 500 / 2000] FPS: 9.0 (7.6)  ,  Loss/total: 4.79944  ,  IoU: 0.81384
[train: 9, 550 / 2000] FPS: 9.0 (11.3)  ,  Loss/total: 4.79804  ,  IoU: 0.81398
[train: 9, 600 / 2000] FPS: 9.0 (11.8)  ,  Loss/total: 4.78978  ,  IoU: 0.81416
[train: 9, 650 / 2000] FPS: 9.1 (9.0)  ,  Loss/total: 4.78481  ,  IoU: 0.81600
[train: 9, 700 / 2000] FPS: 9.1 (7.9)  ,  Loss/total: 4.79517  ,  IoU: 0.81527
[train: 9, 750 / 2000] FPS: 9.1 (9.8)  ,  Loss/total: 4.78281  ,  IoU: 0.81552
[train: 9, 800 / 2000] FPS: 9.1 (11.8)  ,  Loss/total: 4.78308  ,  IoU: 0.81620
[train: 9, 850 / 2000] FPS: 9.1 (6.5)  ,  Loss/total: 4.78807  ,  IoU: 0.81557
[train: 9, 900 / 2000] FPS: 9.1 (10.0)  ,  Loss/total: 4.79740  ,  IoU: 0.81538
[train: 9, 950 / 2000] FPS: 9.1 (11.2)  ,  Loss/total: 4.79613  ,  IoU: 0.81567
[train: 9, 1000 / 2000] FPS: 9.1 (10.0)  ,  Loss/total: 4.79951  ,  IoU: 0.81617
[train: 9, 1050 / 2000] FPS: 9.1 (13.5)  ,  Loss/total: 4.79991  ,  IoU: 0.81548
[train: 9, 1100 / 2000] FPS: 9.1 (7.9)  ,  Loss/total: 4.79698  ,  IoU: 0.81612
[train: 9, 1150 / 2000] FPS: 9.1 (10.0)  ,  Loss/total: 4.79728  ,  IoU: 0.81560
[train: 9, 1200 / 2000] FPS: 9.1 (11.5)  ,  Loss/total: 4.79475  ,  IoU: 0.81584
[train: 9, 1250 / 2000] FPS: 9.1 (8.7)  ,  Loss/total: 4.79869  ,  IoU: 0.81567
[train: 9, 1300 / 2000] FPS: 9.1 (8.9)  ,  Loss/total: 4.80038  ,  IoU: 0.81529
[train: 9, 1350 / 2000] FPS: 9.1 (9.9)  ,  Loss/total: 4.80899  ,  IoU: 0.81368
[train: 9, 1400 / 2000] FPS: 9.1 (10.3)  ,  Loss/total: 4.81298  ,  IoU: 0.81414
[train: 9, 1450 / 2000] FPS: 9.1 (10.8)  ,  Loss/total: 4.81693  ,  IoU: 0.81354
[train: 9, 1500 / 2000] FPS: 9.1 (7.7)  ,  Loss/total: 4.81276  ,  IoU: 0.81477
[train: 9, 1550 / 2000] FPS: 9.1 (7.6)  ,  Loss/total: 4.81221  ,  IoU: 0.81502
[train: 9, 1600 / 2000] FPS: 9.1 (8.6)  ,  Loss/total: 4.81299  ,  IoU: 0.81616
[train: 9, 1650 / 2000] FPS: 9.1 (9.0)  ,  Loss/total: 4.81678  ,  IoU: 0.81574
[train: 9, 1700 / 2000] FPS: 9.1 (9.3)  ,  Loss/total: 4.81474  ,  IoU: 0.81636
[train: 9, 1750 / 2000] FPS: 9.1 (9.0)  ,  Loss/total: 4.81902  ,  IoU: 0.81613
[train: 9, 1800 / 2000] FPS: 9.1 (8.1)  ,  Loss/total: 4.81652  ,  IoU: 0.81638
[train: 9, 1850 / 2000] FPS: 9.1 (10.4)  ,  Loss/total: 4.81204  ,  IoU: 0.81738
[train: 9, 1900 / 2000] FPS: 9.1 (8.2)  ,  Loss/total: 4.81627  ,  IoU: 0.81700
[train: 9, 1950 / 2000] FPS: 9.1 (9.6)  ,  Loss/total: 4.81767  ,  IoU: 0.81750
[train: 9, 2000 / 2000] FPS: 9.1 (12.6)  ,  Loss/total: 4.81794  ,  IoU: 0.81741
[train: 10, 50 / 2000] FPS: 8.5 (11.9)  ,  Loss/total: 4.80456  ,  IoU: 0.79973
[train: 10, 100 / 2000] FPS: 9.1 (11.8)  ,  Loss/total: 4.88454  ,  IoU: 0.80299
[train: 10, 150 / 2000] FPS: 9.3 (10.2)  ,  Loss/total: 4.83010  ,  IoU: 0.81916
[train: 10, 200 / 2000] FPS: 9.4 (10.4)  ,  Loss/total: 4.84991  ,  IoU: 0.81737
[train: 10, 250 / 2000] FPS: 9.5 (7.3)  ,  Loss/total: 4.87435  ,  IoU: 0.81278
[train: 10, 300 / 2000] FPS: 9.5 (6.8)  ,  Loss/total: 4.85812  ,  IoU: 0.81467
[train: 10, 350 / 2000] FPS: 9.6 (10.5)  ,  Loss/total: 4.84559  ,  IoU: 0.81718
[train: 10, 400 / 2000] FPS: 9.6 (8.3)  ,  Loss/total: 4.84295  ,  IoU: 0.81726
[train: 10, 450 / 2000] FPS: 9.7 (9.9)  ,  Loss/total: 4.84321  ,  IoU: 0.81862
[train: 10, 500 / 2000] FPS: 9.7 (10.3)  ,  Loss/total: 4.82834  ,  IoU: 0.81904
[train: 10, 550 / 2000] FPS: 9.7 (9.0)  ,  Loss/total: 4.83744  ,  IoU: 0.81881
[train: 10, 600 / 2000] FPS: 9.7 (9.4)  ,  Loss/total: 4.83890  ,  IoU: 0.81778
[train: 10, 650 / 2000] FPS: 9.7 (10.3)  ,  Loss/total: 4.82920  ,  IoU: 0.81795
[train: 10, 700 / 2000] FPS: 9.7 (11.3)  ,  Loss/total: 4.81148  ,  IoU: 0.81980
[train: 10, 750 / 2000] FPS: 9.7 (11.3)  ,  Loss/total: 4.79209  ,  IoU: 0.82123
[train: 10, 800 / 2000] FPS: 9.7 (10.1)  ,  Loss/total: 4.79789  ,  IoU: 0.82087
[train: 10, 850 / 2000] FPS: 9.8 (8.7)  ,  Loss/total: 4.78795  ,  IoU: 0.82144
[train: 10, 900 / 2000] FPS: 9.8 (9.4)  ,  Loss/total: 4.78974  ,  IoU: 0.82086
[train: 10, 950 / 2000] FPS: 9.8 (11.4)  ,  Loss/total: 4.79030  ,  IoU: 0.82207
[train: 10, 1000 / 2000] FPS: 9.8 (10.1)  ,  Loss/total: 4.79361  ,  IoU: 0.82105
[train: 10, 1050 / 2000] FPS: 9.8 (10.1)  ,  Loss/total: 4.78389  ,  IoU: 0.82306
[train: 10, 1100 / 2000] FPS: 9.8 (11.7)  ,  Loss/total: 4.78226  ,  IoU: 0.82367
[train: 10, 1150 / 2000] FPS: 9.8 (11.2)  ,  Loss/total: 4.78914  ,  IoU: 0.82244
[train: 10, 1200 / 2000] FPS: 9.8 (6.8)  ,  Loss/total: 4.78808  ,  IoU: 0.82212
[train: 10, 1250 / 2000] FPS: 9.8 (10.8)  ,  Loss/total: 4.78872  ,  IoU: 0.82250
[train: 10, 1300 / 2000] FPS: 9.8 (9.5)  ,  Loss/total: 4.79031  ,  IoU: 0.82198
[train: 10, 1350 / 2000] FPS: 9.8 (7.8)  ,  Loss/total: 4.78063  ,  IoU: 0.82291
[train: 10, 1400 / 2000] FPS: 9.8 (11.3)  ,  Loss/total: 4.77858  ,  IoU: 0.82274
[train: 10, 1450 / 2000] FPS: 9.8 (7.4)  ,  Loss/total: 4.78172  ,  IoU: 0.82257
[train: 10, 1500 / 2000] FPS: 9.8 (10.6)  ,  Loss/total: 4.78434  ,  IoU: 0.82184
[train: 10, 1550 / 2000] FPS: 9.8 (10.9)  ,  Loss/total: 4.79209  ,  IoU: 0.82054
[train: 10, 1600 / 2000] FPS: 9.8 (10.2)  ,  Loss/total: 4.78683  ,  IoU: 0.82127
[train: 10, 1650 / 2000] FPS: 9.8 (7.9)  ,  Loss/total: 4.78747  ,  IoU: 0.82162
[train: 10, 1700 / 2000] FPS: 9.7 (8.4)  ,  Loss/total: 4.78485  ,  IoU: 0.82219
[train: 10, 1750 / 2000] FPS: 9.7 (9.5)  ,  Loss/total: 4.78667  ,  IoU: 0.82196
[train: 10, 1800 / 2000] FPS: 9.7 (7.4)  ,  Loss/total: 4.78439  ,  IoU: 0.82260
[train: 10, 1850 / 2000] FPS: 9.7 (8.2)  ,  Loss/total: 4.78662  ,  IoU: 0.82229
[train: 10, 1900 / 2000] FPS: 9.7 (10.3)  ,  Loss/total: 4.78467  ,  IoU: 0.82214
[train: 10, 1950 / 2000] FPS: 9.7 (8.4)  ,  Loss/total: 4.78547  ,  IoU: 0.82206
[train: 10, 2000 / 2000] FPS: 9.7 (13.7)  ,  Loss/total: 4.78640  ,  IoU: 0.82225
