[train: 1, 50 / 2000] FPS: 6.6 (9.4)  ,  Loss/total: 5.16145  ,  IoU: 0.79537
[train: 1, 100 / 2000] FPS: 7.8 (11.6)  ,  Loss/total: 5.28691  ,  IoU: 0.76840
[train: 1, 150 / 2000] FPS: 8.4 (9.7)  ,  Loss/total: 5.27599  ,  IoU: 0.76094
[train: 1, 200 / 2000] FPS: 8.6 (10.5)  ,  Loss/total: 5.24210  ,  IoU: 0.76496
[train: 1, 250 / 2000] FPS: 8.8 (8.4)  ,  Loss/total: 5.24995  ,  IoU: 0.76553
[train: 1, 300 / 2000] FPS: 8.9 (9.5)  ,  Loss/total: 5.22537  ,  IoU: 0.76478
[train: 1, 350 / 2000] FPS: 9.0 (11.0)  ,  Loss/total: 5.19837  ,  IoU: 0.76409
[train: 1, 400 / 2000] FPS: 9.1 (10.8)  ,  Loss/total: 5.22213  ,  IoU: 0.76329
[train: 1, 450 / 2000] FPS: 9.1 (9.5)  ,  Loss/total: 5.19816  ,  IoU: 0.76552
[train: 1, 500 / 2000] FPS: 9.2 (10.3)  ,  Loss/total: 5.19890  ,  IoU: 0.76325
[train: 1, 550 / 2000] FPS: 9.2 (10.2)  ,  Loss/total: 5.21212  ,  IoU: 0.76250
[train: 1, 600 / 2000] FPS: 9.3 (9.6)  ,  Loss/total: 5.20183  ,  IoU: 0.76037
[train: 1, 650 / 2000] FPS: 9.3 (10.3)  ,  Loss/total: 5.19499  ,  IoU: 0.76115
[train: 1, 700 / 2000] FPS: 9.3 (9.9)  ,  Loss/total: 5.19288  ,  IoU: 0.76108
[train: 1, 750 / 2000] FPS: 9.3 (8.2)  ,  Loss/total: 5.18448  ,  IoU: 0.76378
[train: 1, 800 / 2000] FPS: 9.3 (10.2)  ,  Loss/total: 5.17804  ,  IoU: 0.76417
[train: 1, 850 / 2000] FPS: 9.3 (10.2)  ,  Loss/total: 5.17127  ,  IoU: 0.76481
[train: 1, 900 / 2000] FPS: 9.4 (10.1)  ,  Loss/total: 5.16814  ,  IoU: 0.76525
[train: 1, 950 / 2000] FPS: 9.4 (10.2)  ,  Loss/total: 5.17123  ,  IoU: 0.76414
[train: 1, 1000 / 2000] FPS: 9.4 (11.2)  ,  Loss/total: 5.16347  ,  IoU: 0.76498
[train: 1, 1050 / 2000] FPS: 9.4 (9.4)  ,  Loss/total: 5.16187  ,  IoU: 0.76434
[train: 1, 1100 / 2000] FPS: 9.4 (9.5)  ,  Loss/total: 5.16865  ,  IoU: 0.76483
[train: 1, 1150 / 2000] FPS: 9.4 (10.0)  ,  Loss/total: 5.16815  ,  IoU: 0.76410
[train: 1, 1200 / 2000] FPS: 9.4 (10.7)  ,  Loss/total: 5.16275  ,  IoU: 0.76380
[train: 1, 1250 / 2000] FPS: 9.4 (10.7)  ,  Loss/total: 5.16423  ,  IoU: 0.76400
[train: 1, 1300 / 2000] FPS: 9.4 (10.2)  ,  Loss/total: 5.16490  ,  IoU: 0.76325
[train: 1, 1350 / 2000] FPS: 9.4 (8.8)  ,  Loss/total: 5.15865  ,  IoU: 0.76447
[train: 1, 1400 / 2000] FPS: 9.4 (10.8)  ,  Loss/total: 5.15469  ,  IoU: 0.76581
[train: 1, 1450 / 2000] FPS: 9.4 (10.6)  ,  Loss/total: 5.15020  ,  IoU: 0.76730
[train: 1, 1500 / 2000] FPS: 9.4 (10.2)  ,  Loss/total: 5.14380  ,  IoU: 0.76841
[train: 1, 1550 / 2000] FPS: 9.4 (9.1)  ,  Loss/total: 5.14023  ,  IoU: 0.76777
[train: 1, 1600 / 2000] FPS: 9.5 (10.8)  ,  Loss/total: 5.13301  ,  IoU: 0.76855
[train: 1, 1650 / 2000] FPS: 9.5 (9.3)  ,  Loss/total: 5.12599  ,  IoU: 0.76848
[train: 1, 1700 / 2000] FPS: 9.5 (9.6)  ,  Loss/total: 5.11736  ,  IoU: 0.76991
[train: 1, 1750 / 2000] FPS: 9.5 (10.6)  ,  Loss/total: 5.11297  ,  IoU: 0.77007
[train: 1, 1800 / 2000] FPS: 9.5 (10.2)  ,  Loss/total: 5.10846  ,  IoU: 0.77034
[train: 1, 1850 / 2000] FPS: 9.5 (11.2)  ,  Loss/total: 5.10749  ,  IoU: 0.77001
[train: 1, 1900 / 2000] FPS: 9.5 (9.4)  ,  Loss/total: 5.10344  ,  IoU: 0.77056
[train: 1, 1950 / 2000] FPS: 9.5 (9.5)  ,  Loss/total: 5.09691  ,  IoU: 0.77131
[train: 1, 2000 / 2000] FPS: 9.5 (12.4)  ,  Loss/total: 5.10020  ,  IoU: 0.77071
[train: 2, 50 / 2000] FPS: 7.2 (10.1)  ,  Loss/total: 4.98814  ,  IoU: 0.80692
[train: 2, 100 / 2000] FPS: 8.2 (9.5)  ,  Loss/total: 4.93944  ,  IoU: 0.80541
[train: 2, 150 / 2000] FPS: 8.6 (8.9)  ,  Loss/total: 4.95517  ,  IoU: 0.79671
[train: 2, 200 / 2000] FPS: 8.8 (8.0)  ,  Loss/total: 4.93568  ,  IoU: 0.79694
[train: 2, 250 / 2000] FPS: 8.9 (9.6)  ,  Loss/total: 4.92102  ,  IoU: 0.80132
[train: 2, 300 / 2000] FPS: 9.0 (8.3)  ,  Loss/total: 4.93519  ,  IoU: 0.80069
[train: 2, 350 / 2000] FPS: 9.1 (10.2)  ,  Loss/total: 4.95779  ,  IoU: 0.80050
[train: 2, 400 / 2000] FPS: 9.1 (9.2)  ,  Loss/total: 4.92876  ,  IoU: 0.80329
[train: 2, 450 / 2000] FPS: 9.1 (9.5)  ,  Loss/total: 4.93049  ,  IoU: 0.80194
[train: 2, 500 / 2000] FPS: 9.2 (10.1)  ,  Loss/total: 4.93078  ,  IoU: 0.80316
[train: 2, 550 / 2000] FPS: 9.2 (7.6)  ,  Loss/total: 4.92568  ,  IoU: 0.80357
[train: 2, 600 / 2000] FPS: 9.2 (9.5)  ,  Loss/total: 4.93433  ,  IoU: 0.80026
[train: 2, 650 / 2000] FPS: 9.2 (10.2)  ,  Loss/total: 4.93328  ,  IoU: 0.80069
[train: 2, 700 / 2000] FPS: 9.2 (10.2)  ,  Loss/total: 4.92344  ,  IoU: 0.80193
[train: 2, 750 / 2000] FPS: 9.2 (8.8)  ,  Loss/total: 4.92521  ,  IoU: 0.80227
[train: 2, 800 / 2000] FPS: 9.2 (9.7)  ,  Loss/total: 4.90816  ,  IoU: 0.80407
[train: 2, 850 / 2000] FPS: 9.3 (10.0)  ,  Loss/total: 4.90593  ,  IoU: 0.80332
[train: 2, 900 / 2000] FPS: 9.3 (6.6)  ,  Loss/total: 4.90973  ,  IoU: 0.80220
[train: 2, 950 / 2000] FPS: 9.3 (11.2)  ,  Loss/total: 4.90751  ,  IoU: 0.80251
[train: 2, 1000 / 2000] FPS: 9.3 (9.8)  ,  Loss/total: 4.90446  ,  IoU: 0.80199
[train: 2, 1050 / 2000] FPS: 9.3 (8.6)  ,  Loss/total: 4.89939  ,  IoU: 0.80329
[train: 2, 1100 / 2000] FPS: 9.3 (10.2)  ,  Loss/total: 4.91016  ,  IoU: 0.80111
[train: 2, 1150 / 2000] FPS: 9.3 (11.6)  ,  Loss/total: 4.90770  ,  IoU: 0.80105
[train: 2, 1200 / 2000] FPS: 9.3 (10.6)  ,  Loss/total: 4.90353  ,  IoU: 0.80210
[train: 2, 1250 / 2000] FPS: 9.3 (10.2)  ,  Loss/total: 4.90433  ,  IoU: 0.80190
[train: 2, 1300 / 2000] FPS: 9.3 (9.7)  ,  Loss/total: 4.90183  ,  IoU: 0.80134
[train: 2, 1350 / 2000] FPS: 9.3 (9.6)  ,  Loss/total: 4.90215  ,  IoU: 0.80067
[train: 2, 1400 / 2000] FPS: 9.3 (9.3)  ,  Loss/total: 4.90150  ,  IoU: 0.80071
[train: 2, 1450 / 2000] FPS: 9.3 (10.6)  ,  Loss/total: 4.90576  ,  IoU: 0.80021
[train: 2, 1500 / 2000] FPS: 9.3 (11.3)  ,  Loss/total: 4.90563  ,  IoU: 0.79968
[train: 2, 1550 / 2000] FPS: 9.3 (9.3)  ,  Loss/total: 4.90901  ,  IoU: 0.79923
[train: 2, 1600 / 2000] FPS: 9.3 (9.8)  ,  Loss/total: 4.91023  ,  IoU: 0.79907
[train: 2, 1650 / 2000] FPS: 9.3 (9.6)  ,  Loss/total: 4.90603  ,  IoU: 0.79944
[train: 2, 1700 / 2000] FPS: 9.3 (10.4)  ,  Loss/total: 4.90201  ,  IoU: 0.80001
[train: 2, 1750 / 2000] FPS: 9.3 (9.6)  ,  Loss/total: 4.89919  ,  IoU: 0.80096
[train: 2, 1800 / 2000] FPS: 9.3 (9.4)  ,  Loss/total: 4.89757  ,  IoU: 0.80143
[train: 2, 1850 / 2000] FPS: 9.3 (9.9)  ,  Loss/total: 4.89922  ,  IoU: 0.80136
[train: 2, 1900 / 2000] FPS: 9.3 (8.1)  ,  Loss/total: 4.89968  ,  IoU: 0.80093
[train: 2, 1950 / 2000] FPS: 9.3 (10.7)  ,  Loss/total: 4.90128  ,  IoU: 0.80061
[train: 2, 2000 / 2000] FPS: 9.3 (12.3)  ,  Loss/total: 4.90246  ,  IoU: 0.80025
[train: 3, 50 / 2000] FPS: 7.2 (10.3)  ,  Loss/total: 4.89288  ,  IoU: 0.79601
[train: 3, 100 / 2000] FPS: 8.1 (10.4)  ,  Loss/total: 4.82195  ,  IoU: 0.80377
[train: 3, 150 / 2000] FPS: 8.4 (9.6)  ,  Loss/total: 4.85581  ,  IoU: 0.79914
[train: 3, 200 / 2000] FPS: 8.6 (9.3)  ,  Loss/total: 4.86991  ,  IoU: 0.79893
[train: 3, 250 / 2000] FPS: 8.7 (7.3)  ,  Loss/total: 4.85347  ,  IoU: 0.80002
[train: 3, 300 / 2000] FPS: 8.8 (10.8)  ,  Loss/total: 4.90201  ,  IoU: 0.79873
[train: 3, 350 / 2000] FPS: 8.9 (9.3)  ,  Loss/total: 4.90144  ,  IoU: 0.79879
[train: 3, 400 / 2000] FPS: 8.9 (8.8)  ,  Loss/total: 4.88052  ,  IoU: 0.80334
[train: 3, 450 / 2000] FPS: 8.9 (7.7)  ,  Loss/total: 4.86278  ,  IoU: 0.80614
[train: 3, 500 / 2000] FPS: 9.0 (8.5)  ,  Loss/total: 4.87596  ,  IoU: 0.80366
[train: 3, 550 / 2000] FPS: 9.0 (7.7)  ,  Loss/total: 4.86249  ,  IoU: 0.80281
[train: 3, 600 / 2000] FPS: 9.0 (9.4)  ,  Loss/total: 4.87661  ,  IoU: 0.80168
[train: 3, 650 / 2000] FPS: 9.0 (8.7)  ,  Loss/total: 4.88335  ,  IoU: 0.80162
[train: 3, 700 / 2000] FPS: 9.0 (9.8)  ,  Loss/total: 4.88200  ,  IoU: 0.80353
[train: 3, 750 / 2000] FPS: 9.0 (9.6)  ,  Loss/total: 4.88362  ,  IoU: 0.80443
[train: 3, 800 / 2000] FPS: 9.0 (9.1)  ,  Loss/total: 4.88768  ,  IoU: 0.80410
[train: 3, 850 / 2000] FPS: 9.1 (9.1)  ,  Loss/total: 4.88718  ,  IoU: 0.80501
[train: 3, 900 / 2000] FPS: 9.1 (10.2)  ,  Loss/total: 4.88467  ,  IoU: 0.80422
[train: 3, 950 / 2000] FPS: 9.1 (10.3)  ,  Loss/total: 4.88727  ,  IoU: 0.80418
[train: 3, 1000 / 2000] FPS: 9.1 (7.6)  ,  Loss/total: 4.87490  ,  IoU: 0.80596
[train: 3, 1050 / 2000] FPS: 9.1 (7.2)  ,  Loss/total: 4.86828  ,  IoU: 0.80694
[train: 3, 1100 / 2000] FPS: 9.1 (9.5)  ,  Loss/total: 4.85767  ,  IoU: 0.80800
[train: 3, 1150 / 2000] FPS: 9.1 (9.5)  ,  Loss/total: 4.86256  ,  IoU: 0.80797
[train: 3, 1200 / 2000] FPS: 9.1 (9.6)  ,  Loss/total: 4.86093  ,  IoU: 0.80887
[train: 3, 1250 / 2000] FPS: 9.1 (8.8)  ,  Loss/total: 4.86122  ,  IoU: 0.80857
[train: 3, 1300 / 2000] FPS: 9.1 (8.8)  ,  Loss/total: 4.86459  ,  IoU: 0.80832
[train: 3, 1350 / 2000] FPS: 9.1 (9.9)  ,  Loss/total: 4.86705  ,  IoU: 0.80849
[train: 3, 1400 / 2000] FPS: 9.1 (9.6)  ,  Loss/total: 4.86123  ,  IoU: 0.80940
[train: 3, 1450 / 2000] FPS: 9.1 (8.9)  ,  Loss/total: 4.86309  ,  IoU: 0.80789
[train: 3, 1500 / 2000] FPS: 9.1 (9.7)  ,  Loss/total: 4.86568  ,  IoU: 0.80800
[train: 3, 1550 / 2000] FPS: 9.1 (9.9)  ,  Loss/total: 4.86089  ,  IoU: 0.80866
[train: 3, 1600 / 2000] FPS: 9.1 (7.9)  ,  Loss/total: 4.85920  ,  IoU: 0.80839
[train: 3, 1650 / 2000] FPS: 9.1 (8.6)  ,  Loss/total: 4.85323  ,  IoU: 0.80930
[train: 3, 1700 / 2000] FPS: 9.1 (10.5)  ,  Loss/total: 4.85182  ,  IoU: 0.80976
[train: 3, 1750 / 2000] FPS: 9.1 (9.4)  ,  Loss/total: 4.85231  ,  IoU: 0.80992
[train: 3, 1800 / 2000] FPS: 9.1 (9.9)  ,  Loss/total: 4.85208  ,  IoU: 0.80988
[train: 3, 1850 / 2000] FPS: 9.1 (8.6)  ,  Loss/total: 4.85032  ,  IoU: 0.81016
[train: 3, 1900 / 2000] FPS: 9.1 (10.4)  ,  Loss/total: 4.84874  ,  IoU: 0.81029
[train: 3, 1950 / 2000] FPS: 9.1 (10.0)  ,  Loss/total: 4.84739  ,  IoU: 0.81028
[train: 3, 2000 / 2000] FPS: 9.1 (11.6)  ,  Loss/total: 4.84532  ,  IoU: 0.81074
[train: 4, 50 / 2000] FPS: 7.1 (8.9)  ,  Loss/total: 4.54108  ,  IoU: 0.83921
[train: 4, 100 / 2000] FPS: 7.9 (7.8)  ,  Loss/total: 4.75043  ,  IoU: 0.82419
[train: 4, 150 / 2000] FPS: 8.3 (8.6)  ,  Loss/total: 4.82657  ,  IoU: 0.81174
[train: 4, 200 / 2000] FPS: 8.5 (9.1)  ,  Loss/total: 4.81692  ,  IoU: 0.81054
[train: 4, 250 / 2000] FPS: 8.6 (9.9)  ,  Loss/total: 4.81899  ,  IoU: 0.81043
[train: 4, 300 / 2000] FPS: 8.7 (9.6)  ,  Loss/total: 4.80954  ,  IoU: 0.81666
[train: 4, 350 / 2000] FPS: 8.8 (9.3)  ,  Loss/total: 4.82245  ,  IoU: 0.81737
[train: 4, 400 / 2000] FPS: 8.8 (9.9)  ,  Loss/total: 4.82329  ,  IoU: 0.81577
[train: 4, 450 / 2000] FPS: 8.8 (9.4)  ,  Loss/total: 4.82922  ,  IoU: 0.81343
[train: 4, 500 / 2000] FPS: 8.9 (9.9)  ,  Loss/total: 4.84201  ,  IoU: 0.81340
[train: 4, 550 / 2000] FPS: 8.9 (9.3)  ,  Loss/total: 4.85437  ,  IoU: 0.81084
[train: 4, 600 / 2000] FPS: 8.9 (8.9)  ,  Loss/total: 4.84662  ,  IoU: 0.81254
[train: 4, 650 / 2000] FPS: 8.9 (7.4)  ,  Loss/total: 4.84252  ,  IoU: 0.81346
[train: 4, 700 / 2000] FPS: 8.9 (10.0)  ,  Loss/total: 4.83526  ,  IoU: 0.81408
[train: 4, 750 / 2000] FPS: 8.9 (8.0)  ,  Loss/total: 4.84325  ,  IoU: 0.81433
[train: 4, 800 / 2000] FPS: 8.9 (8.6)  ,  Loss/total: 4.83706  ,  IoU: 0.81443
[train: 4, 850 / 2000] FPS: 8.9 (10.4)  ,  Loss/total: 4.82932  ,  IoU: 0.81504
[train: 4, 900 / 2000] FPS: 8.9 (9.2)  ,  Loss/total: 4.82726  ,  IoU: 0.81508
[train: 4, 950 / 2000] FPS: 9.0 (10.5)  ,  Loss/total: 4.82935  ,  IoU: 0.81596
[train: 4, 1000 / 2000] FPS: 9.0 (7.3)  ,  Loss/total: 4.83083  ,  IoU: 0.81574
[train: 4, 1050 / 2000] FPS: 9.0 (9.3)  ,  Loss/total: 4.83035  ,  IoU: 0.81589
[train: 4, 1100 / 2000] FPS: 9.0 (8.6)  ,  Loss/total: 4.83404  ,  IoU: 0.81539
[train: 4, 1150 / 2000] FPS: 9.0 (8.7)  ,  Loss/total: 4.83594  ,  IoU: 0.81654
[train: 4, 1200 / 2000] FPS: 9.0 (10.0)  ,  Loss/total: 4.82838  ,  IoU: 0.81712
[train: 4, 1250 / 2000] FPS: 9.0 (8.9)  ,  Loss/total: 4.83129  ,  IoU: 0.81703
[train: 4, 1300 / 2000] FPS: 9.0 (9.1)  ,  Loss/total: 4.82729  ,  IoU: 0.81661
[train: 4, 1350 / 2000] FPS: 9.0 (11.0)  ,  Loss/total: 4.82390  ,  IoU: 0.81715
[train: 4, 1400 / 2000] FPS: 9.0 (10.1)  ,  Loss/total: 4.82127  ,  IoU: 0.81749
[train: 4, 1450 / 2000] FPS: 9.0 (10.8)  ,  Loss/total: 4.81683  ,  IoU: 0.81819
[train: 4, 1500 / 2000] FPS: 9.0 (8.1)  ,  Loss/total: 4.81973  ,  IoU: 0.81756
[train: 4, 1550 / 2000] FPS: 9.0 (9.5)  ,  Loss/total: 4.81598  ,  IoU: 0.81756
[train: 4, 1600 / 2000] FPS: 9.0 (10.3)  ,  Loss/total: 4.81902  ,  IoU: 0.81723
[train: 4, 1650 / 2000] FPS: 9.0 (9.9)  ,  Loss/total: 4.82345  ,  IoU: 0.81689
[train: 4, 1700 / 2000] FPS: 9.0 (8.9)  ,  Loss/total: 4.82234  ,  IoU: 0.81680
[train: 4, 1750 / 2000] FPS: 9.0 (10.1)  ,  Loss/total: 4.81925  ,  IoU: 0.81705
[train: 4, 1800 / 2000] FPS: 9.0 (10.1)  ,  Loss/total: 4.81671  ,  IoU: 0.81765
[train: 4, 1850 / 2000] FPS: 9.0 (11.1)  ,  Loss/total: 4.81616  ,  IoU: 0.81786
[train: 4, 1900 / 2000] FPS: 9.0 (9.8)  ,  Loss/total: 4.81368  ,  IoU: 0.81864
[train: 4, 1950 / 2000] FPS: 9.0 (9.6)  ,  Loss/total: 4.81708  ,  IoU: 0.81816
[train: 4, 2000 / 2000] FPS: 9.1 (12.4)  ,  Loss/total: 4.81709  ,  IoU: 0.81786
[train: 5, 50 / 2000] FPS: 7.0 (9.2)  ,  Loss/total: 4.81577  ,  IoU: 0.81767
[train: 5, 100 / 2000] FPS: 7.9 (9.6)  ,  Loss/total: 4.72003  ,  IoU: 0.82582
[train: 5, 150 / 2000] FPS: 8.3 (11.6)  ,  Loss/total: 4.70441  ,  IoU: 0.82891
[train: 5, 200 / 2000] FPS: 8.5 (10.7)  ,  Loss/total: 4.75262  ,  IoU: 0.82443
[train: 5, 250 / 2000] FPS: 8.6 (9.6)  ,  Loss/total: 4.76663  ,  IoU: 0.82030
[train: 5, 300 / 2000] FPS: 8.7 (9.7)  ,  Loss/total: 4.77173  ,  IoU: 0.81890
[train: 5, 350 / 2000] FPS: 8.8 (10.3)  ,  Loss/total: 4.78606  ,  IoU: 0.81952
[train: 5, 400 / 2000] FPS: 8.8 (8.0)  ,  Loss/total: 4.78479  ,  IoU: 0.82049
[train: 5, 450 / 2000] FPS: 8.8 (10.9)  ,  Loss/total: 4.80296  ,  IoU: 0.81966
[train: 5, 500 / 2000] FPS: 8.9 (8.3)  ,  Loss/total: 4.78258  ,  IoU: 0.81858
[train: 5, 550 / 2000] FPS: 8.9 (10.0)  ,  Loss/total: 4.78750  ,  IoU: 0.81603
[train: 5, 600 / 2000] FPS: 8.9 (10.8)  ,  Loss/total: 4.79498  ,  IoU: 0.81369
[train: 5, 650 / 2000] FPS: 8.9 (9.2)  ,  Loss/total: 4.79798  ,  IoU: 0.81338
[train: 5, 700 / 2000] FPS: 8.9 (10.0)  ,  Loss/total: 4.78233  ,  IoU: 0.81576
[train: 5, 750 / 2000] FPS: 8.9 (10.9)  ,  Loss/total: 4.79282  ,  IoU: 0.81527
[train: 5, 800 / 2000] FPS: 8.9 (7.6)  ,  Loss/total: 4.79270  ,  IoU: 0.81456
[train: 5, 850 / 2000] FPS: 9.0 (8.4)  ,  Loss/total: 4.79594  ,  IoU: 0.81391
[train: 5, 900 / 2000] FPS: 9.0 (9.5)  ,  Loss/total: 4.78812  ,  IoU: 0.81507
[train: 5, 950 / 2000] FPS: 9.0 (10.0)  ,  Loss/total: 4.78353  ,  IoU: 0.81526
[train: 5, 1000 / 2000] FPS: 9.0 (6.7)  ,  Loss/total: 4.78208  ,  IoU: 0.81448
[train: 5, 1050 / 2000] FPS: 9.0 (9.9)  ,  Loss/total: 4.77977  ,  IoU: 0.81462
[train: 5, 1100 / 2000] FPS: 9.0 (9.1)  ,  Loss/total: 4.78017  ,  IoU: 0.81517
[train: 5, 1150 / 2000] FPS: 9.0 (10.5)  ,  Loss/total: 4.77707  ,  IoU: 0.81525
[train: 5, 1200 / 2000] FPS: 9.0 (8.2)  ,  Loss/total: 4.77506  ,  IoU: 0.81554
[train: 5, 1250 / 2000] FPS: 9.0 (8.1)  ,  Loss/total: 4.77959  ,  IoU: 0.81555
[train: 5, 1300 / 2000] FPS: 9.0 (9.2)  ,  Loss/total: 4.78272  ,  IoU: 0.81598
[train: 5, 1350 / 2000] FPS: 9.0 (8.1)  ,  Loss/total: 4.77579  ,  IoU: 0.81677
[train: 5, 1400 / 2000] FPS: 9.0 (10.1)  ,  Loss/total: 4.77433  ,  IoU: 0.81611
[train: 5, 1450 / 2000] FPS: 9.0 (9.7)  ,  Loss/total: 4.77341  ,  IoU: 0.81626
[train: 5, 1500 / 2000] FPS: 9.0 (9.1)  ,  Loss/total: 4.77771  ,  IoU: 0.81540
[train: 5, 1550 / 2000] FPS: 9.0 (9.8)  ,  Loss/total: 4.78314  ,  IoU: 0.81501
[train: 5, 1600 / 2000] FPS: 9.0 (8.2)  ,  Loss/total: 4.78001  ,  IoU: 0.81573
[train: 5, 1650 / 2000] FPS: 9.0 (8.1)  ,  Loss/total: 4.77979  ,  IoU: 0.81631
[train: 5, 1700 / 2000] FPS: 9.0 (9.9)  ,  Loss/total: 4.78183  ,  IoU: 0.81657
[train: 5, 1750 / 2000] FPS: 9.0 (10.2)  ,  Loss/total: 4.78235  ,  IoU: 0.81685
[train: 5, 1800 / 2000] FPS: 9.0 (7.3)  ,  Loss/total: 4.78540  ,  IoU: 0.81593
[train: 5, 1850 / 2000] FPS: 9.0 (11.0)  ,  Loss/total: 4.78255  ,  IoU: 0.81701
[train: 5, 1900 / 2000] FPS: 9.0 (8.1)  ,  Loss/total: 4.78426  ,  IoU: 0.81667
[train: 5, 1950 / 2000] FPS: 9.0 (7.8)  ,  Loss/total: 4.78406  ,  IoU: 0.81695
[train: 5, 2000 / 2000] FPS: 9.1 (12.7)  ,  Loss/total: 4.78440  ,  IoU: 0.81709
[train: 6, 50 / 2000] FPS: 7.1 (11.4)  ,  Loss/total: 4.56957  ,  IoU: 0.84410
[train: 6, 100 / 2000] FPS: 8.0 (9.3)  ,  Loss/total: 4.62213  ,  IoU: 0.84333
[train: 6, 150 / 2000] FPS: 8.3 (8.1)  ,  Loss/total: 4.62962  ,  IoU: 0.84610
[train: 6, 200 / 2000] FPS: 8.5 (9.8)  ,  Loss/total: 4.65372  ,  IoU: 0.84142
[train: 6, 250 / 2000] FPS: 8.6 (7.9)  ,  Loss/total: 4.67224  ,  IoU: 0.84107
[train: 6, 300 / 2000] FPS: 8.7 (10.1)  ,  Loss/total: 4.67827  ,  IoU: 0.84064
[train: 6, 350 / 2000] FPS: 8.8 (8.6)  ,  Loss/total: 4.67679  ,  IoU: 0.84291
[train: 6, 400 / 2000] FPS: 8.8 (9.0)  ,  Loss/total: 4.70421  ,  IoU: 0.84047
[train: 6, 450 / 2000] FPS: 8.8 (7.6)  ,  Loss/total: 4.70776  ,  IoU: 0.83787
[train: 6, 500 / 2000] FPS: 8.9 (8.5)  ,  Loss/total: 4.70168  ,  IoU: 0.83400
[train: 6, 550 / 2000] FPS: 8.9 (9.0)  ,  Loss/total: 4.69379  ,  IoU: 0.83681
[train: 6, 600 / 2000] FPS: 8.9 (9.0)  ,  Loss/total: 4.69013  ,  IoU: 0.83822
[train: 6, 650 / 2000] FPS: 8.9 (10.3)  ,  Loss/total: 4.69577  ,  IoU: 0.83764
[train: 6, 700 / 2000] FPS: 8.9 (9.7)  ,  Loss/total: 4.70176  ,  IoU: 0.83663
[train: 6, 750 / 2000] FPS: 8.9 (11.0)  ,  Loss/total: 4.70586  ,  IoU: 0.83475
[train: 6, 800 / 2000] FPS: 9.0 (8.5)  ,  Loss/total: 4.71402  ,  IoU: 0.83313
[train: 6, 850 / 2000] FPS: 9.0 (8.4)  ,  Loss/total: 4.71513  ,  IoU: 0.83252
[train: 6, 900 / 2000] FPS: 9.0 (9.7)  ,  Loss/total: 4.71699  ,  IoU: 0.83250
[train: 6, 950 / 2000] FPS: 9.0 (9.2)  ,  Loss/total: 4.71718  ,  IoU: 0.83233
[train: 6, 1000 / 2000] FPS: 9.0 (11.0)  ,  Loss/total: 4.72361  ,  IoU: 0.83263
[train: 6, 1050 / 2000] FPS: 9.0 (10.6)  ,  Loss/total: 4.72523  ,  IoU: 0.83297
[train: 6, 1100 / 2000] FPS: 9.0 (10.9)  ,  Loss/total: 4.72822  ,  IoU: 0.83302
[train: 6, 1150 / 2000] FPS: 9.0 (9.6)  ,  Loss/total: 4.72419  ,  IoU: 0.83352
[train: 6, 1200 / 2000] FPS: 9.0 (9.2)  ,  Loss/total: 4.72249  ,  IoU: 0.83424
[train: 6, 1250 / 2000] FPS: 9.0 (8.0)  ,  Loss/total: 4.71666  ,  IoU: 0.83422
[train: 6, 1300 / 2000] FPS: 9.0 (8.4)  ,  Loss/total: 4.72401  ,  IoU: 0.83333
[train: 6, 1350 / 2000] FPS: 9.0 (8.2)  ,  Loss/total: 4.72479  ,  IoU: 0.83306
[train: 6, 1400 / 2000] FPS: 9.0 (11.1)  ,  Loss/total: 4.72530  ,  IoU: 0.83332
[train: 6, 1450 / 2000] FPS: 9.0 (7.7)  ,  Loss/total: 4.72481  ,  IoU: 0.83350
[train: 6, 1500 / 2000] FPS: 9.0 (6.7)  ,  Loss/total: 4.72972  ,  IoU: 0.83342
[train: 6, 1550 / 2000] FPS: 9.0 (8.0)  ,  Loss/total: 4.73008  ,  IoU: 0.83358
[train: 6, 1600 / 2000] FPS: 9.0 (10.8)  ,  Loss/total: 4.72822  ,  IoU: 0.83382
[train: 6, 1650 / 2000] FPS: 9.0 (8.2)  ,  Loss/total: 4.72646  ,  IoU: 0.83325
[train: 6, 1700 / 2000] FPS: 9.0 (9.6)  ,  Loss/total: 4.72567  ,  IoU: 0.83346
[train: 6, 1750 / 2000] FPS: 9.0 (10.3)  ,  Loss/total: 4.72973  ,  IoU: 0.83300
[train: 6, 1800 / 2000] FPS: 9.0 (7.8)  ,  Loss/total: 4.73323  ,  IoU: 0.83274
[train: 6, 1850 / 2000] FPS: 9.0 (10.9)  ,  Loss/total: 4.73077  ,  IoU: 0.83269
[train: 6, 1900 / 2000] FPS: 9.0 (7.6)  ,  Loss/total: 4.73133  ,  IoU: 0.83313
[train: 6, 1950 / 2000] FPS: 9.0 (10.3)  ,  Loss/total: 4.73160  ,  IoU: 0.83292
[train: 6, 2000 / 2000] FPS: 9.1 (12.7)  ,  Loss/total: 4.73046  ,  IoU: 0.83335
[train: 7, 50 / 2000] FPS: 8.5 (7.4)  ,  Loss/total: 4.70292  ,  IoU: 0.83499
[train: 7, 100 / 2000] FPS: 8.8 (9.7)  ,  Loss/total: 4.75007  ,  IoU: 0.83134
[train: 7, 150 / 2000] FPS: 8.9 (9.7)  ,  Loss/total: 4.71932  ,  IoU: 0.83952
[train: 7, 200 / 2000] FPS: 9.0 (11.1)  ,  Loss/total: 4.75691  ,  IoU: 0.83532
[train: 7, 250 / 2000] FPS: 9.0 (8.4)  ,  Loss/total: 4.72706  ,  IoU: 0.83710
[train: 7, 300 / 2000] FPS: 9.0 (9.5)  ,  Loss/total: 4.69714  ,  IoU: 0.83781
[train: 7, 350 / 2000] FPS: 9.0 (6.1)  ,  Loss/total: 4.71603  ,  IoU: 0.83786
[train: 7, 400 / 2000] FPS: 9.0 (9.4)  ,  Loss/total: 4.68489  ,  IoU: 0.83987
[train: 7, 450 / 2000] FPS: 9.0 (9.0)  ,  Loss/total: 4.69177  ,  IoU: 0.83898
[train: 7, 500 / 2000] FPS: 9.0 (8.0)  ,  Loss/total: 4.70578  ,  IoU: 0.83671
[train: 7, 550 / 2000] FPS: 9.0 (9.2)  ,  Loss/total: 4.72642  ,  IoU: 0.83296
[train: 7, 600 / 2000] FPS: 9.0 (7.7)  ,  Loss/total: 4.72175  ,  IoU: 0.83432
[train: 7, 650 / 2000] FPS: 9.1 (10.7)  ,  Loss/total: 4.72305  ,  IoU: 0.83404
[train: 7, 700 / 2000] FPS: 9.1 (8.5)  ,  Loss/total: 4.72559  ,  IoU: 0.83303
[train: 7, 750 / 2000] FPS: 9.1 (9.8)  ,  Loss/total: 4.71665  ,  IoU: 0.83472
[train: 7, 800 / 2000] FPS: 9.1 (9.5)  ,  Loss/total: 4.71293  ,  IoU: 0.83490
[train: 7, 850 / 2000] FPS: 9.1 (8.6)  ,  Loss/total: 4.71848  ,  IoU: 0.83457
[train: 7, 900 / 2000] FPS: 9.1 (10.3)  ,  Loss/total: 4.71449  ,  IoU: 0.83520
[train: 7, 950 / 2000] FPS: 9.1 (6.7)  ,  Loss/total: 4.72175  ,  IoU: 0.83413
[train: 7, 1000 / 2000] FPS: 9.1 (7.4)  ,  Loss/total: 4.73121  ,  IoU: 0.83271
[train: 7, 1050 / 2000] FPS: 9.1 (10.3)  ,  Loss/total: 4.73148  ,  IoU: 0.83211
[train: 7, 1100 / 2000] FPS: 9.1 (9.7)  ,  Loss/total: 4.73397  ,  IoU: 0.83086
[train: 7, 1150 / 2000] FPS: 9.1 (8.0)  ,  Loss/total: 4.73264  ,  IoU: 0.83150
[train: 7, 1200 / 2000] FPS: 9.1 (8.2)  ,  Loss/total: 4.73251  ,  IoU: 0.83174
[train: 7, 1250 / 2000] FPS: 9.1 (10.3)  ,  Loss/total: 4.74056  ,  IoU: 0.83064
[train: 7, 1300 / 2000] FPS: 9.1 (11.2)  ,  Loss/total: 4.73508  ,  IoU: 0.83189
[train: 7, 1350 / 2000] FPS: 9.1 (10.2)  ,  Loss/total: 4.73192  ,  IoU: 0.83274
[train: 7, 1400 / 2000] FPS: 9.1 (8.3)  ,  Loss/total: 4.72927  ,  IoU: 0.83252
[train: 7, 1450 / 2000] FPS: 9.1 (10.6)  ,  Loss/total: 4.72306  ,  IoU: 0.83355
[train: 7, 1500 / 2000] FPS: 9.1 (7.7)  ,  Loss/total: 4.72361  ,  IoU: 0.83330
[train: 7, 1550 / 2000] FPS: 9.1 (9.5)  ,  Loss/total: 4.72646  ,  IoU: 0.83180
[train: 7, 1600 / 2000] FPS: 9.1 (8.1)  ,  Loss/total: 4.72340  ,  IoU: 0.83209
[train: 7, 1650 / 2000] FPS: 9.0 (8.4)  ,  Loss/total: 4.71993  ,  IoU: 0.83242
[train: 7, 1700 / 2000] FPS: 9.0 (7.8)  ,  Loss/total: 4.71965  ,  IoU: 0.83212
[train: 7, 1750 / 2000] FPS: 9.0 (12.1)  ,  Loss/total: 4.71922  ,  IoU: 0.83212
[train: 7, 1800 / 2000] FPS: 9.0 (9.4)  ,  Loss/total: 4.71713  ,  IoU: 0.83197
[train: 7, 1850 / 2000] FPS: 9.0 (9.0)  ,  Loss/total: 4.71608  ,  IoU: 0.83185
[train: 7, 1900 / 2000] FPS: 9.0 (10.1)  ,  Loss/total: 4.71572  ,  IoU: 0.83205
[train: 7, 1950 / 2000] FPS: 9.0 (11.0)  ,  Loss/total: 4.71547  ,  IoU: 0.83205
[train: 7, 2000 / 2000] FPS: 9.1 (12.4)  ,  Loss/total: 4.71171  ,  IoU: 0.83243
[train: 8, 50 / 2000] FPS: 8.4 (7.7)  ,  Loss/total: 4.91318  ,  IoU: 0.82074
[train: 8, 100 / 2000] FPS: 8.7 (8.5)  ,  Loss/total: 4.76101  ,  IoU: 0.84367
[train: 8, 150 / 2000] FPS: 8.8 (8.4)  ,  Loss/total: 4.71577  ,  IoU: 0.84230
[train: 8, 200 / 2000] FPS: 8.8 (11.9)  ,  Loss/total: 4.70187  ,  IoU: 0.84567
[train: 8, 250 / 2000] FPS: 8.9 (8.5)  ,  Loss/total: 4.73104  ,  IoU: 0.84110
[train: 8, 300 / 2000] FPS: 8.9 (8.2)  ,  Loss/total: 4.72895  ,  IoU: 0.83542
[train: 8, 350 / 2000] FPS: 8.9 (8.6)  ,  Loss/total: 4.72210  ,  IoU: 0.83604
[train: 8, 400 / 2000] FPS: 8.9 (9.8)  ,  Loss/total: 4.72049  ,  IoU: 0.83562
[train: 8, 450 / 2000] FPS: 9.0 (10.1)  ,  Loss/total: 4.70826  ,  IoU: 0.83665
[train: 8, 500 / 2000] FPS: 9.0 (9.3)  ,  Loss/total: 4.70594  ,  IoU: 0.83546
[train: 8, 550 / 2000] FPS: 9.0 (8.3)  ,  Loss/total: 4.71043  ,  IoU: 0.83482
[train: 8, 600 / 2000] FPS: 9.0 (8.7)  ,  Loss/total: 4.70688  ,  IoU: 0.83446
[train: 8, 650 / 2000] FPS: 9.0 (10.2)  ,  Loss/total: 4.70451  ,  IoU: 0.83323
[train: 8, 700 / 2000] FPS: 9.0 (7.0)  ,  Loss/total: 4.71379  ,  IoU: 0.83117
[train: 8, 750 / 2000] FPS: 9.0 (9.9)  ,  Loss/total: 4.70893  ,  IoU: 0.83176
[train: 8, 800 / 2000] FPS: 9.0 (9.4)  ,  Loss/total: 4.70037  ,  IoU: 0.83386
[train: 8, 850 / 2000] FPS: 9.0 (8.9)  ,  Loss/total: 4.69569  ,  IoU: 0.83378
[train: 8, 900 / 2000] FPS: 9.0 (10.8)  ,  Loss/total: 4.68740  ,  IoU: 0.83338
[train: 8, 950 / 2000] FPS: 9.0 (9.8)  ,  Loss/total: 4.69390  ,  IoU: 0.83227
[train: 8, 1000 / 2000] FPS: 9.0 (8.9)  ,  Loss/total: 4.69252  ,  IoU: 0.83249
[train: 8, 1050 / 2000] FPS: 9.0 (7.1)  ,  Loss/total: 4.68506  ,  IoU: 0.83398
[train: 8, 1100 / 2000] FPS: 9.0 (10.0)  ,  Loss/total: 4.68539  ,  IoU: 0.83414
[train: 8, 1150 / 2000] FPS: 9.0 (8.7)  ,  Loss/total: 4.68715  ,  IoU: 0.83410
[train: 8, 1200 / 2000] FPS: 9.0 (9.3)  ,  Loss/total: 4.68405  ,  IoU: 0.83488
[train: 8, 1250 / 2000] FPS: 9.0 (8.8)  ,  Loss/total: 4.68611  ,  IoU: 0.83444
[train: 8, 1300 / 2000] FPS: 9.0 (9.3)  ,  Loss/total: 4.68600  ,  IoU: 0.83446
[train: 8, 1350 / 2000] FPS: 9.0 (7.4)  ,  Loss/total: 4.69016  ,  IoU: 0.83411
[train: 8, 1400 / 2000] FPS: 9.0 (7.5)  ,  Loss/total: 4.68942  ,  IoU: 0.83519
[train: 8, 1450 / 2000] FPS: 9.0 (8.9)  ,  Loss/total: 4.68549  ,  IoU: 0.83641
[train: 8, 1500 / 2000] FPS: 9.0 (9.6)  ,  Loss/total: 4.68641  ,  IoU: 0.83601
[train: 8, 1550 / 2000] FPS: 9.0 (9.8)  ,  Loss/total: 4.68693  ,  IoU: 0.83598
[train: 8, 1600 / 2000] FPS: 9.0 (7.7)  ,  Loss/total: 4.68539  ,  IoU: 0.83575
[train: 8, 1650 / 2000] FPS: 9.0 (7.6)  ,  Loss/total: 4.69118  ,  IoU: 0.83486
[train: 8, 1700 / 2000] FPS: 9.0 (9.8)  ,  Loss/total: 4.69535  ,  IoU: 0.83463
[train: 8, 1750 / 2000] FPS: 9.0 (9.7)  ,  Loss/total: 4.69795  ,  IoU: 0.83386
[train: 8, 1800 / 2000] FPS: 9.0 (10.6)  ,  Loss/total: 4.69963  ,  IoU: 0.83414
[train: 8, 1850 / 2000] FPS: 9.0 (7.6)  ,  Loss/total: 4.70356  ,  IoU: 0.83369
[train: 8, 1900 / 2000] FPS: 9.0 (8.2)  ,  Loss/total: 4.70498  ,  IoU: 0.83343
[train: 8, 1950 / 2000] FPS: 9.0 (10.7)  ,  Loss/total: 4.70500  ,  IoU: 0.83393
[train: 8, 2000 / 2000] FPS: 9.0 (12.2)  ,  Loss/total: 4.70796  ,  IoU: 0.83349
[train: 9, 50 / 2000] FPS: 8.5 (11.4)  ,  Loss/total: 4.79126  ,  IoU: 0.83889
[train: 9, 100 / 2000] FPS: 8.8 (7.9)  ,  Loss/total: 4.68290  ,  IoU: 0.84252
[train: 9, 150 / 2000] FPS: 8.9 (9.9)  ,  Loss/total: 4.65509  ,  IoU: 0.83712
[train: 9, 200 / 2000] FPS: 8.9 (8.5)  ,  Loss/total: 4.66305  ,  IoU: 0.83752
[train: 9, 250 / 2000] FPS: 8.9 (8.9)  ,  Loss/total: 4.67312  ,  IoU: 0.83673
[train: 9, 300 / 2000] FPS: 9.0 (9.7)  ,  Loss/total: 4.67420  ,  IoU: 0.83717
[train: 9, 350 / 2000] FPS: 9.0 (8.5)  ,  Loss/total: 4.68281  ,  IoU: 0.83661
[train: 9, 400 / 2000] FPS: 9.0 (9.1)  ,  Loss/total: 4.70077  ,  IoU: 0.83512
[train: 9, 450 / 2000] FPS: 9.0 (9.6)  ,  Loss/total: 4.70926  ,  IoU: 0.83644
[train: 9, 500 / 2000] FPS: 9.0 (9.1)  ,  Loss/total: 4.70600  ,  IoU: 0.83554
[train: 9, 550 / 2000] FPS: 9.0 (10.8)  ,  Loss/total: 4.69670  ,  IoU: 0.83806
[train: 9, 600 / 2000] FPS: 9.0 (9.1)  ,  Loss/total: 4.69658  ,  IoU: 0.83839
[train: 9, 650 / 2000] FPS: 9.0 (10.2)  ,  Loss/total: 4.69082  ,  IoU: 0.83993
[train: 9, 700 / 2000] FPS: 9.0 (9.0)  ,  Loss/total: 4.68492  ,  IoU: 0.84025
[train: 9, 750 / 2000] FPS: 9.0 (9.1)  ,  Loss/total: 4.68915  ,  IoU: 0.83883
[train: 9, 800 / 2000] FPS: 9.0 (9.3)  ,  Loss/total: 4.69082  ,  IoU: 0.83898
[train: 9, 850 / 2000] FPS: 9.0 (9.1)  ,  Loss/total: 4.69475  ,  IoU: 0.83856
[train: 9, 900 / 2000] FPS: 9.0 (5.9)  ,  Loss/total: 4.69731  ,  IoU: 0.83696
[train: 9, 950 / 2000] FPS: 9.0 (7.5)  ,  Loss/total: 4.69914  ,  IoU: 0.83615
[train: 9, 1000 / 2000] FPS: 9.0 (6.8)  ,  Loss/total: 4.69313  ,  IoU: 0.83661
[train: 9, 1050 / 2000] FPS: 9.0 (8.3)  ,  Loss/total: 4.68667  ,  IoU: 0.83745
[train: 9, 1100 / 2000] FPS: 9.0 (9.1)  ,  Loss/total: 4.68311  ,  IoU: 0.83882
[train: 9, 1150 / 2000] FPS: 9.0 (7.5)  ,  Loss/total: 4.69176  ,  IoU: 0.83720
[train: 9, 1200 / 2000] FPS: 9.0 (9.0)  ,  Loss/total: 4.69019  ,  IoU: 0.83768
[train: 9, 1250 / 2000] FPS: 9.0 (9.0)  ,  Loss/total: 4.68565  ,  IoU: 0.83756
[train: 9, 1300 / 2000] FPS: 9.0 (9.9)  ,  Loss/total: 4.67904  ,  IoU: 0.83819
[train: 9, 1350 / 2000] FPS: 9.0 (7.5)  ,  Loss/total: 4.68416  ,  IoU: 0.83773
[train: 9, 1400 / 2000] FPS: 9.0 (8.5)  ,  Loss/total: 4.67296  ,  IoU: 0.83848
[train: 9, 1450 / 2000] FPS: 9.0 (10.3)  ,  Loss/total: 4.66583  ,  IoU: 0.83950
[train: 9, 1500 / 2000] FPS: 9.0 (10.0)  ,  Loss/total: 4.66792  ,  IoU: 0.83906
[train: 9, 1550 / 2000] FPS: 9.0 (8.0)  ,  Loss/total: 4.66930  ,  IoU: 0.83915
[train: 9, 1600 / 2000] FPS: 9.1 (9.3)  ,  Loss/total: 4.66893  ,  IoU: 0.83926
[train: 9, 1650 / 2000] FPS: 9.0 (6.4)  ,  Loss/total: 4.66766  ,  IoU: 0.83935
[train: 9, 1700 / 2000] FPS: 9.1 (8.7)  ,  Loss/total: 4.65914  ,  IoU: 0.83956
[train: 9, 1750 / 2000] FPS: 9.1 (8.2)  ,  Loss/total: 4.65785  ,  IoU: 0.83988
[train: 9, 1800 / 2000] FPS: 9.1 (9.7)  ,  Loss/total: 4.65596  ,  IoU: 0.84046
[train: 9, 1850 / 2000] FPS: 9.1 (8.9)  ,  Loss/total: 4.66299  ,  IoU: 0.83946
[train: 9, 1900 / 2000] FPS: 9.1 (7.9)  ,  Loss/total: 4.66407  ,  IoU: 0.83913
[train: 9, 1950 / 2000] FPS: 9.1 (9.8)  ,  Loss/total: 4.66486  ,  IoU: 0.83913
[train: 9, 2000 / 2000] FPS: 9.1 (12.4)  ,  Loss/total: 4.65892  ,  IoU: 0.84014
[train: 10, 50 / 2000] FPS: 8.5 (9.7)  ,  Loss/total: 4.70847  ,  IoU: 0.84159
[train: 10, 100 / 2000] FPS: 8.8 (10.1)  ,  Loss/total: 4.69721  ,  IoU: 0.85001
[train: 10, 150 / 2000] FPS: 8.9 (7.3)  ,  Loss/total: 4.67111  ,  IoU: 0.85142
[train: 10, 200 / 2000] FPS: 8.9 (9.0)  ,  Loss/total: 4.65150  ,  IoU: 0.84646
[train: 10, 250 / 2000] FPS: 9.0 (8.4)  ,  Loss/total: 4.64607  ,  IoU: 0.84894
[train: 10, 300 / 2000] FPS: 9.0 (9.9)  ,  Loss/total: 4.64059  ,  IoU: 0.84882
[train: 10, 350 / 2000] FPS: 9.0 (11.3)  ,  Loss/total: 4.63285  ,  IoU: 0.84973
[train: 10, 400 / 2000] FPS: 9.0 (10.6)  ,  Loss/total: 4.64070  ,  IoU: 0.84786
[train: 10, 450 / 2000] FPS: 9.0 (8.6)  ,  Loss/total: 4.64581  ,  IoU: 0.84785
[train: 10, 500 / 2000] FPS: 9.0 (8.2)  ,  Loss/total: 4.63738  ,  IoU: 0.84770
[train: 10, 550 / 2000] FPS: 9.0 (9.5)  ,  Loss/total: 4.63610  ,  IoU: 0.84847
[train: 10, 600 / 2000] FPS: 9.0 (9.8)  ,  Loss/total: 4.64171  ,  IoU: 0.84891
[train: 10, 650 / 2000] FPS: 9.0 (11.3)  ,  Loss/total: 4.64795  ,  IoU: 0.84757
[train: 10, 700 / 2000] FPS: 9.0 (9.6)  ,  Loss/total: 4.66668  ,  IoU: 0.84475
[train: 10, 750 / 2000] FPS: 9.0 (9.5)  ,  Loss/total: 4.65377  ,  IoU: 0.84556
[train: 10, 800 / 2000] FPS: 9.0 (10.7)  ,  Loss/total: 4.65547  ,  IoU: 0.84485
[train: 10, 850 / 2000] FPS: 9.0 (7.5)  ,  Loss/total: 4.66924  ,  IoU: 0.84386
[train: 10, 900 / 2000] FPS: 9.0 (8.1)  ,  Loss/total: 4.67927  ,  IoU: 0.84194
[train: 10, 950 / 2000] FPS: 9.0 (8.6)  ,  Loss/total: 4.68009  ,  IoU: 0.84244
[train: 10, 1000 / 2000] FPS: 9.0 (9.8)  ,  Loss/total: 4.67721  ,  IoU: 0.84224
[train: 10, 1050 / 2000] FPS: 9.0 (7.3)  ,  Loss/total: 4.67241  ,  IoU: 0.84266
[train: 10, 1100 / 2000] FPS: 9.0 (10.4)  ,  Loss/total: 4.66594  ,  IoU: 0.84293
[train: 10, 1150 / 2000] FPS: 9.0 (11.2)  ,  Loss/total: 4.66567  ,  IoU: 0.84217
[train: 10, 1200 / 2000] FPS: 9.0 (9.4)  ,  Loss/total: 4.66825  ,  IoU: 0.84128
[train: 10, 1250 / 2000] FPS: 9.1 (10.5)  ,  Loss/total: 4.66755  ,  IoU: 0.84132
[train: 10, 1300 / 2000] FPS: 9.0 (10.0)  ,  Loss/total: 4.67269  ,  IoU: 0.84052
[train: 10, 1350 / 2000] FPS: 9.0 (8.5)  ,  Loss/total: 4.67051  ,  IoU: 0.84083
[train: 10, 1400 / 2000] FPS: 9.1 (8.1)  ,  Loss/total: 4.67739  ,  IoU: 0.83904
[train: 10, 1450 / 2000] FPS: 9.1 (10.1)  ,  Loss/total: 4.68356  ,  IoU: 0.83884
[train: 10, 1500 / 2000] FPS: 9.1 (9.4)  ,  Loss/total: 4.68001  ,  IoU: 0.83903
[train: 10, 1550 / 2000] FPS: 9.1 (10.5)  ,  Loss/total: 4.68167  ,  IoU: 0.83910
[train: 10, 1600 / 2000] FPS: 9.1 (7.9)  ,  Loss/total: 4.67701  ,  IoU: 0.83945
[train: 10, 1650 / 2000] FPS: 9.1 (10.7)  ,  Loss/total: 4.67688  ,  IoU: 0.83976
[train: 10, 1700 / 2000] FPS: 9.1 (8.0)  ,  Loss/total: 4.67346  ,  IoU: 0.83958
[train: 10, 1750 / 2000] FPS: 9.1 (9.2)  ,  Loss/total: 4.67246  ,  IoU: 0.84013
[train: 10, 1800 / 2000] FPS: 9.1 (8.0)  ,  Loss/total: 4.67168  ,  IoU: 0.84057
[train: 10, 1850 / 2000] FPS: 9.1 (10.1)  ,  Loss/total: 4.67152  ,  IoU: 0.84032
[train: 10, 1900 / 2000] FPS: 9.1 (10.2)  ,  Loss/total: 4.67511  ,  IoU: 0.83996
[train: 10, 1950 / 2000] FPS: 9.1 (7.7)  ,  Loss/total: 4.67497  ,  IoU: 0.84022
[train: 10, 2000 / 2000] FPS: 9.1 (12.4)  ,  Loss/total: 4.67283  ,  IoU: 0.84034
